CRITICAL - 2023-05-19 04:05:16 --> Call to undefined function validation_errors()
in APPPATH\Views\Login\login.php on line 20.
 1 SYSTEMPATH\View\View.php(213): include()
 2 SYSTEMPATH\View\View.php(216): CodeIgniter\View\View->CodeIgniter\View\{closure}()
 3 SYSTEMPATH\Common.php(1184): CodeIgniter\View\View->render('Login/login', [], true)
 4 APPPATH\Controllers\Login.php(11): view('Login/login')
 5 SYSTEMPATH\CodeIgniter.php(934): App\Controllers\Login->loginL()
 6 SYSTEMPATH\CodeIgniter.php(499): CodeIgniter\CodeIgniter->runController(Object(App\Controllers\Login))
 7 SYSTEMPATH\CodeIgniter.php(368): CodeIgniter\CodeIgniter->handleRequest(null, Object(Config\Cache), false)
 8 FCPATH\index.php(67): CodeIgniter\CodeIgniter->run()
 9 SYSTEMPATH\Commands\Server\rewrite.php(47): require_once('D:\\Programs\\xampp\\htdocs\\KevinLemus\\public\\index.php')
CRITICAL - 2023-05-19 04:08:54 --> Call to undefined function validation_errors()
in APPPATH\Views\Login\login.php on line 22.
 1 SYSTEMPATH\View\View.php(213): include()
 2 SYSTEMPATH\View\View.php(216): CodeIgniter\View\View->CodeIgniter\View\{closure}()
 3 SYSTEMPATH\Common.php(1184): CodeIgniter\View\View->render('Login/login', [], true)
 4 APPPATH\Controllers\Login.php(11): view('Login/login')
 5 SYSTEMPATH\CodeIgniter.php(934): App\Controllers\Login->loginL()
 6 SYSTEMPATH\CodeIgniter.php(499): CodeIgniter\CodeIgniter->runController(Object(App\Controllers\Login))
 7 SYSTEMPATH\CodeIgniter.php(368): CodeIgniter\CodeIgniter->handleRequest(null, Object(Config\Cache), false)
 8 FCPATH\index.php(67): CodeIgniter\CodeIgniter->run()
 9 SYSTEMPATH\Commands\Server\rewrite.php(47): require_once('D:\\Programs\\xampp\\htdocs\\KevinLemus\\public\\index.php')
CRITICAL - 2023-05-19 04:08:56 --> Call to undefined function validation_errors()
in APPPATH\Views\Login\login.php on line 22.
 1 SYSTEMPATH\View\View.php(213): include()
 2 SYSTEMPATH\View\View.php(216): CodeIgniter\View\View->CodeIgniter\View\{closure}()
 3 SYSTEMPATH\Common.php(1184): CodeIgniter\View\View->render('Login/login', [], true)
 4 APPPATH\Controllers\Login.php(11): view('Login/login')
 5 SYSTEMPATH\CodeIgniter.php(934): App\Controllers\Login->loginL()
 6 SYSTEMPATH\CodeIgniter.php(499): CodeIgniter\CodeIgniter->runController(Object(App\Controllers\Login))
 7 SYSTEMPATH\CodeIgniter.php(368): CodeIgniter\CodeIgniter->handleRequest(null, Object(Config\Cache), false)
 8 FCPATH\index.php(67): CodeIgniter\CodeIgniter->run()
 9 SYSTEMPATH\Commands\Server\rewrite.php(47): require_once('D:\\Programs\\xampp\\htdocs\\KevinLemus\\public\\index.php')
CRITICAL - 2023-05-19 04:08:56 --> Call to undefined function validation_errors()
in APPPATH\Views\Login\login.php on line 22.
 1 SYSTEMPATH\View\View.php(213): include()
 2 SYSTEMPATH\View\View.php(216): CodeIgniter\View\View->CodeIgniter\View\{closure}()
 3 SYSTEMPATH\Common.php(1184): CodeIgniter\View\View->render('Login/login', [], true)
 4 APPPATH\Controllers\Login.php(11): view('Login/login')
 5 SYSTEMPATH\CodeIgniter.php(934): App\Controllers\Login->loginL()
 6 SYSTEMPATH\CodeIgniter.php(499): CodeIgniter\CodeIgniter->runController(Object(App\Controllers\Login))
 7 SYSTEMPATH\CodeIgniter.php(368): CodeIgniter\CodeIgniter->handleRequest(null, Object(Config\Cache), false)
 8 FCPATH\index.php(67): CodeIgniter\CodeIgniter->run()
 9 SYSTEMPATH\Commands\Server\rewrite.php(47): require_once('D:\\Programs\\xampp\\htdocs\\KevinLemus\\public\\index.php')
CRITICAL - 2023-05-19 04:09:12 --> Call to undefined function validation_errors()
in APPPATH\Views\Login\login.php on line 22.
 1 SYSTEMPATH\View\View.php(213): include()
 2 SYSTEMPATH\View\View.php(216): CodeIgniter\View\View->CodeIgniter\View\{closure}()
 3 SYSTEMPATH\Common.php(1184): CodeIgniter\View\View->render('Login/login', [], true)
 4 APPPATH\Controllers\Login.php(11): view('Login/login')
 5 SYSTEMPATH\CodeIgniter.php(934): App\Controllers\Login->loginL()
 6 SYSTEMPATH\CodeIgniter.php(499): CodeIgniter\CodeIgniter->runController(Object(App\Controllers\Login))
 7 SYSTEMPATH\CodeIgniter.php(368): CodeIgniter\CodeIgniter->handleRequest(null, Object(Config\Cache), false)
 8 FCPATH\index.php(67): CodeIgniter\CodeIgniter->run()
 9 SYSTEMPATH\Commands\Server\rewrite.php(47): require_once('D:\\Programs\\xampp\\htdocs\\KevinLemus\\public\\index.php')
CRITICAL - 2023-05-19 04:09:14 --> Call to undefined function validation_errors()
in APPPATH\Views\Login\login.php on line 22.
 1 SYSTEMPATH\View\View.php(213): include()
 2 SYSTEMPATH\View\View.php(216): CodeIgniter\View\View->CodeIgniter\View\{closure}()
 3 SYSTEMPATH\Common.php(1184): CodeIgniter\View\View->render('Login/login', [], true)
 4 APPPATH\Controllers\Login.php(11): view('Login/login')
 5 SYSTEMPATH\CodeIgniter.php(934): App\Controllers\Login->loginL()
 6 SYSTEMPATH\CodeIgniter.php(499): CodeIgniter\CodeIgniter->runController(Object(App\Controllers\Login))
 7 SYSTEMPATH\CodeIgniter.php(368): CodeIgniter\CodeIgniter->handleRequest(null, Object(Config\Cache), false)
 8 FCPATH\index.php(67): CodeIgniter\CodeIgniter->run()
 9 SYSTEMPATH\Commands\Server\rewrite.php(47): require_once('D:\\Programs\\xampp\\htdocs\\KevinLemus\\public\\index.php')
CRITICAL - 2023-05-19 04:09:14 --> Call to undefined function validation_errors()
in APPPATH\Views\Login\login.php on line 22.
 1 SYSTEMPATH\View\View.php(213): include()
 2 SYSTEMPATH\View\View.php(216): CodeIgniter\View\View->CodeIgniter\View\{closure}()
 3 SYSTEMPATH\Common.php(1184): CodeIgniter\View\View->render('Login/login', [], true)
 4 APPPATH\Controllers\Login.php(11): view('Login/login')
 5 SYSTEMPATH\CodeIgniter.php(934): App\Controllers\Login->loginL()
 6 SYSTEMPATH\CodeIgniter.php(499): CodeIgniter\CodeIgniter->runController(Object(App\Controllers\Login))
 7 SYSTEMPATH\CodeIgniter.php(368): CodeIgniter\CodeIgniter->handleRequest(null, Object(Config\Cache), false)
 8 FCPATH\index.php(67): CodeIgniter\CodeIgniter->run()
 9 SYSTEMPATH\Commands\Server\rewrite.php(47): require_once('D:\\Programs\\xampp\\htdocs\\KevinLemus\\public\\index.php')
CRITICAL - 2023-05-19 04:11:17 --> Call to undefined function validation_errors()
in APPPATH\Views\Login\login.php on line 22.
 1 SYSTEMPATH\View\View.php(213): include()
 2 SYSTEMPATH\View\View.php(216): CodeIgniter\View\View->CodeIgniter\View\{closure}()
 3 SYSTEMPATH\Common.php(1184): CodeIgniter\View\View->render('Login/login', [], true)
 4 APPPATH\Controllers\Login.php(11): view('Login/login')
 5 SYSTEMPATH\CodeIgniter.php(934): App\Controllers\Login->loginL()
 6 SYSTEMPATH\CodeIgniter.php(499): CodeIgniter\CodeIgniter->runController(Object(App\Controllers\Login))
 7 SYSTEMPATH\CodeIgniter.php(368): CodeIgniter\CodeIgniter->handleRequest(null, Object(Config\Cache), false)
 8 FCPATH\index.php(67): CodeIgniter\CodeIgniter->run()
 9 SYSTEMPATH\Commands\Server\rewrite.php(47): require_once('D:\\Programs\\xampp\\htdocs\\KevinLemus\\public\\index.php')
CRITICAL - 2023-05-19 04:12:45 --> Call to undefined function validation_errors()
in APPPATH\Views\Login\login.php on line 22.
 1 SYSTEMPATH\View\View.php(213): include()
 2 SYSTEMPATH\View\View.php(216): CodeIgniter\View\View->CodeIgniter\View\{closure}()
 3 SYSTEMPATH\Common.php(1184): CodeIgniter\View\View->render('Login/login', [], true)
 4 APPPATH\Controllers\Login.php(11): view('Login/login')
 5 SYSTEMPATH\CodeIgniter.php(934): App\Controllers\Login->loginL()
 6 SYSTEMPATH\CodeIgniter.php(499): CodeIgniter\CodeIgniter->runController(Object(App\Controllers\Login))
 7 SYSTEMPATH\CodeIgniter.php(368): CodeIgniter\CodeIgniter->handleRequest(null, Object(Config\Cache), false)
 8 FCPATH\index.php(67): CodeIgniter\CodeIgniter->run()
 9 SYSTEMPATH\Commands\Server\rewrite.php(47): require_once('D:\\Programs\\xampp\\htdocs\\KevinLemus\\public\\index.php')
CRITICAL - 2023-05-19 04:19:28 --> Call to undefined function validation_errors()
in APPPATH\Views\Login\login.php on line 22.
 1 SYSTEMPATH\View\View.php(213): include()
 2 SYSTEMPATH\View\View.php(216): CodeIgniter\View\View->CodeIgniter\View\{closure}()
 3 SYSTEMPATH\Common.php(1184): CodeIgniter\View\View->render('Login/login', [], true)
 4 APPPATH\Controllers\Login.php(11): view('Login/login')
 5 SYSTEMPATH\CodeIgniter.php(934): App\Controllers\Login->loginL()
 6 SYSTEMPATH\CodeIgniter.php(499): CodeIgniter\CodeIgniter->runController(Object(App\Controllers\Login))
 7 SYSTEMPATH\CodeIgniter.php(368): CodeIgniter\CodeIgniter->handleRequest(null, Object(Config\Cache), false)
 8 FCPATH\index.php(67): CodeIgniter\CodeIgniter->run()
 9 SYSTEMPATH\Commands\Server\rewrite.php(47): require_once('D:\\Programs\\xampp\\htdocs\\KevinLemus\\public\\index.php')
CRITICAL - 2023-05-19 04:19:29 --> Call to undefined function validation_errors()
in APPPATH\Views\Login\login.php on line 22.
 1 SYSTEMPATH\View\View.php(213): include()
 2 SYSTEMPATH\View\View.php(216): CodeIgniter\View\View->CodeIgniter\View\{closure}()
 3 SYSTEMPATH\Common.php(1184): CodeIgniter\View\View->render('Login/login', [], true)
 4 APPPATH\Controllers\Login.php(11): view('Login/login')
 5 SYSTEMPATH\CodeIgniter.php(934): App\Controllers\Login->loginL()
 6 SYSTEMPATH\CodeIgniter.php(499): CodeIgniter\CodeIgniter->runController(Object(App\Controllers\Login))
 7 SYSTEMPATH\CodeIgniter.php(368): CodeIgniter\CodeIgniter->handleRequest(null, Object(Config\Cache), false)
 8 FCPATH\index.php(67): CodeIgniter\CodeIgniter->run()
 9 SYSTEMPATH\Commands\Server\rewrite.php(47): require_once('D:\\Programs\\xampp\\htdocs\\KevinLemus\\public\\index.php')
CRITICAL - 2023-05-19 04:19:30 --> Call to undefined function validation_errors()
in APPPATH\Views\Login\login.php on line 22.
 1 SYSTEMPATH\View\View.php(213): include()
 2 SYSTEMPATH\View\View.php(216): CodeIgniter\View\View->CodeIgniter\View\{closure}()
 3 SYSTEMPATH\Common.php(1184): CodeIgniter\View\View->render('Login/login', [], true)
 4 APPPATH\Controllers\Login.php(11): view('Login/login')
 5 SYSTEMPATH\CodeIgniter.php(934): App\Controllers\Login->loginL()
 6 SYSTEMPATH\CodeIgniter.php(499): CodeIgniter\CodeIgniter->runController(Object(App\Controllers\Login))
 7 SYSTEMPATH\CodeIgniter.php(368): CodeIgniter\CodeIgniter->handleRequest(null, Object(Config\Cache), false)
 8 FCPATH\index.php(67): CodeIgniter\CodeIgniter->run()
 9 SYSTEMPATH\Commands\Server\rewrite.php(47): require_once('D:\\Programs\\xampp\\htdocs\\KevinLemus\\public\\index.php')
CRITICAL - 2023-05-19 04:19:30 --> Call to undefined function validation_errors()
in APPPATH\Views\Login\login.php on line 22.
 1 SYSTEMPATH\View\View.php(213): include()
 2 SYSTEMPATH\View\View.php(216): CodeIgniter\View\View->CodeIgniter\View\{closure}()
 3 SYSTEMPATH\Common.php(1184): CodeIgniter\View\View->render('Login/login', [], true)
 4 APPPATH\Controllers\Login.php(11): view('Login/login')
 5 SYSTEMPATH\CodeIgniter.php(934): App\Controllers\Login->loginL()
 6 SYSTEMPATH\CodeIgniter.php(499): CodeIgniter\CodeIgniter->runController(Object(App\Controllers\Login))
 7 SYSTEMPATH\CodeIgniter.php(368): CodeIgniter\CodeIgniter->handleRequest(null, Object(Config\Cache), false)
 8 FCPATH\index.php(67): CodeIgniter\CodeIgniter->run()
 9 SYSTEMPATH\Commands\Server\rewrite.php(47): require_once('D:\\Programs\\xampp\\htdocs\\KevinLemus\\public\\index.php')
CRITICAL - 2023-05-19 04:22:38 --> Invalid file: "Guia/login.php"
in SYSTEMPATH\Exceptions\FrameworkException.php on line 33.
 1 SYSTEMPATH\View\View.php(201): CodeIgniter\Exceptions\FrameworkException::forInvalidFile('Guia/login.php')
 2 SYSTEMPATH\Common.php(1184): CodeIgniter\View\View->render('Guia/login', [], true)
 3 APPPATH\Controllers\Login.php(11): view('Guia/login')
 4 SYSTEMPATH\CodeIgniter.php(934): App\Controllers\Login->loginL()
 5 SYSTEMPATH\CodeIgniter.php(499): CodeIgniter\CodeIgniter->runController(Object(App\Controllers\Login))
 6 SYSTEMPATH\CodeIgniter.php(368): CodeIgniter\CodeIgniter->handleRequest(null, Object(Config\Cache), false)
 7 FCPATH\index.php(67): CodeIgniter\CodeIgniter->run()
 8 SYSTEMPATH\Commands\Server\rewrite.php(47): require_once('D:\\Programs\\xampp\\htdocs\\KevinLemus\\public\\index.php')
CRITICAL - 2023-05-19 04:23:24 --> Invalid file: "Guia/login.php"
in SYSTEMPATH\Exceptions\FrameworkException.php on line 33.
 1 SYSTEMPATH\View\View.php(201): CodeIgniter\Exceptions\FrameworkException::forInvalidFile('Guia/login.php')
 2 SYSTEMPATH\Common.php(1184): CodeIgniter\View\View->render('Guia/login', [], true)
 3 APPPATH\Controllers\Login.php(11): view('Guia/login')
 4 SYSTEMPATH\CodeIgniter.php(934): App\Controllers\Login->loginL()
 5 SYSTEMPATH\CodeIgniter.php(499): CodeIgniter\CodeIgniter->runController(Object(App\Controllers\Login))
 6 SYSTEMPATH\CodeIgniter.php(368): CodeIgniter\CodeIgniter->handleRequest(null, Object(Config\Cache), false)
 7 FCPATH\index.php(67): CodeIgniter\CodeIgniter->run()
 8 SYSTEMPATH\Commands\Server\rewrite.php(47): require_once('D:\\Programs\\xampp\\htdocs\\KevinLemus\\public\\index.php')
CRITICAL - 2023-05-19 04:23:44 --> Invalid file: "Guia/login.php"
in SYSTEMPATH\Exceptions\FrameworkException.php on line 33.
 1 SYSTEMPATH\View\View.php(201): CodeIgniter\Exceptions\FrameworkException::forInvalidFile('Guia/login.php')
 2 SYSTEMPATH\Common.php(1184): CodeIgniter\View\View->render('Guia/login', [], true)
 3 APPPATH\Controllers\Login.php(11): view('Guia/login')
 4 SYSTEMPATH\CodeIgniter.php(934): App\Controllers\Login->loginL()
 5 SYSTEMPATH\CodeIgniter.php(499): CodeIgniter\CodeIgniter->runController(Object(App\Controllers\Login))
 6 SYSTEMPATH\CodeIgniter.php(368): CodeIgniter\CodeIgniter->handleRequest(null, Object(Config\Cache), false)
 7 FCPATH\index.php(67): CodeIgniter\CodeIgniter->run()
 8 SYSTEMPATH\Commands\Server\rewrite.php(47): require_once('D:\\Programs\\xampp\\htdocs\\KevinLemus\\public\\index.php')
CRITICAL - 2023-05-19 04:23:46 --> Invalid file: "Guia/login.php"
in SYSTEMPATH\Exceptions\FrameworkException.php on line 33.
 1 SYSTEMPATH\View\View.php(201): CodeIgniter\Exceptions\FrameworkException::forInvalidFile('Guia/login.php')
 2 SYSTEMPATH\Common.php(1184): CodeIgniter\View\View->render('Guia/login', [], true)
 3 APPPATH\Controllers\Login.php(11): view('Guia/login')
 4 SYSTEMPATH\CodeIgniter.php(934): App\Controllers\Login->loginL()
 5 SYSTEMPATH\CodeIgniter.php(499): CodeIgniter\CodeIgniter->runController(Object(App\Controllers\Login))
 6 SYSTEMPATH\CodeIgniter.php(368): CodeIgniter\CodeIgniter->handleRequest(null, Object(Config\Cache), false)
 7 FCPATH\index.php(67): CodeIgniter\CodeIgniter->run()
 8 SYSTEMPATH\Commands\Server\rewrite.php(47): require_once('D:\\Programs\\xampp\\htdocs\\KevinLemus\\public\\index.php')
CRITICAL - 2023-05-19 04:23:47 --> Invalid file: "Guia/login.php"
in SYSTEMPATH\Exceptions\FrameworkException.php on line 33.
 1 SYSTEMPATH\View\View.php(201): CodeIgniter\Exceptions\FrameworkException::forInvalidFile('Guia/login.php')
 2 SYSTEMPATH\Common.php(1184): CodeIgniter\View\View->render('Guia/login', [], true)
 3 APPPATH\Controllers\Login.php(11): view('Guia/login')
 4 SYSTEMPATH\CodeIgniter.php(934): App\Controllers\Login->loginL()
 5 SYSTEMPATH\CodeIgniter.php(499): CodeIgniter\CodeIgniter->runController(Object(App\Controllers\Login))
 6 SYSTEMPATH\CodeIgniter.php(368): CodeIgniter\CodeIgniter->handleRequest(null, Object(Config\Cache), false)
 7 FCPATH\index.php(67): CodeIgniter\CodeIgniter->run()
 8 SYSTEMPATH\Commands\Server\rewrite.php(47): require_once('D:\\Programs\\xampp\\htdocs\\KevinLemus\\public\\index.php')
CRITICAL - 2023-05-19 04:25:20 --> Invalid file: "Guia/login.php"
in SYSTEMPATH\Exceptions\FrameworkException.php on line 33.
 1 SYSTEMPATH\View\View.php(201): CodeIgniter\Exceptions\FrameworkException::forInvalidFile('Guia/login.php')
 2 SYSTEMPATH\Common.php(1184): CodeIgniter\View\View->render('Guia/login', [], true)
 3 APPPATH\Controllers\Login.php(11): view('Guia/login')
 4 SYSTEMPATH\CodeIgniter.php(934): App\Controllers\Login->loginL()
 5 SYSTEMPATH\CodeIgniter.php(499): CodeIgniter\CodeIgniter->runController(Object(App\Controllers\Login))
 6 SYSTEMPATH\CodeIgniter.php(368): CodeIgniter\CodeIgniter->handleRequest(null, Object(Config\Cache), false)
 7 FCPATH\index.php(67): CodeIgniter\CodeIgniter->run()
 8 SYSTEMPATH\Commands\Server\rewrite.php(47): require_once('D:\\Programs\\xampp\\htdocs\\KevinLemus\\public\\index.php')
CRITICAL - 2023-05-19 04:25:29 --> Invalid file: "Guia/login.php"
in SYSTEMPATH\Exceptions\FrameworkException.php on line 33.
 1 SYSTEMPATH\View\View.php(201): CodeIgniter\Exceptions\FrameworkException::forInvalidFile('Guia/login.php')
 2 SYSTEMPATH\Common.php(1184): CodeIgniter\View\View->render('Guia/login', [], true)
 3 APPPATH\Controllers\Login.php(11): view('Guia/login')
 4 SYSTEMPATH\CodeIgniter.php(934): App\Controllers\Login->loginL()
 5 SYSTEMPATH\CodeIgniter.php(499): CodeIgniter\CodeIgniter->runController(Object(App\Controllers\Login))
 6 SYSTEMPATH\CodeIgniter.php(368): CodeIgniter\CodeIgniter->handleRequest(null, Object(Config\Cache), false)
 7 FCPATH\index.php(67): CodeIgniter\CodeIgniter->run()
 8 SYSTEMPATH\Commands\Server\rewrite.php(47): require_once('D:\\Programs\\xampp\\htdocs\\KevinLemus\\public\\index.php')
CRITICAL - 2023-05-19 04:26:42 --> Invalid file: "Guia/login.php"
in SYSTEMPATH\Exceptions\FrameworkException.php on line 33.
 1 SYSTEMPATH\View\View.php(201): CodeIgniter\Exceptions\FrameworkException::forInvalidFile('Guia/login.php')
 2 SYSTEMPATH\Common.php(1184): CodeIgniter\View\View->render('Guia/login', [], true)
 3 APPPATH\Controllers\Login.php(11): view('Guia/login')
 4 SYSTEMPATH\CodeIgniter.php(934): App\Controllers\Login->loginL()
 5 SYSTEMPATH\CodeIgniter.php(499): CodeIgniter\CodeIgniter->runController(Object(App\Controllers\Login))
 6 SYSTEMPATH\CodeIgniter.php(368): CodeIgniter\CodeIgniter->handleRequest(null, Object(Config\Cache), false)
 7 FCPATH\index.php(67): CodeIgniter\CodeIgniter->run()
 8 SYSTEMPATH\Commands\Server\rewrite.php(47): require_once('D:\\Programs\\xampp\\htdocs\\KevinLemus\\public\\index.php')
CRITICAL - 2023-05-19 04:26:43 --> Invalid file: "Guia/login.php"
in SYSTEMPATH\Exceptions\FrameworkException.php on line 33.
 1 SYSTEMPATH\View\View.php(201): CodeIgniter\Exceptions\FrameworkException::forInvalidFile('Guia/login.php')
 2 SYSTEMPATH\Common.php(1184): CodeIgniter\View\View->render('Guia/login', [], true)
 3 APPPATH\Controllers\Login.php(11): view('Guia/login')
 4 SYSTEMPATH\CodeIgniter.php(934): App\Controllers\Login->loginL()
 5 SYSTEMPATH\CodeIgniter.php(499): CodeIgniter\CodeIgniter->runController(Object(App\Controllers\Login))
 6 SYSTEMPATH\CodeIgniter.php(368): CodeIgniter\CodeIgniter->handleRequest(null, Object(Config\Cache), false)
 7 FCPATH\index.php(67): CodeIgniter\CodeIgniter->run()
 8 SYSTEMPATH\Commands\Server\rewrite.php(47): require_once('D:\\Programs\\xampp\\htdocs\\KevinLemus\\public\\index.php')
CRITICAL - 2023-05-19 04:26:43 --> Invalid file: "Guia/login.php"
in SYSTEMPATH\Exceptions\FrameworkException.php on line 33.
 1 SYSTEMPATH\View\View.php(201): CodeIgniter\Exceptions\FrameworkException::forInvalidFile('Guia/login.php')
 2 SYSTEMPATH\Common.php(1184): CodeIgniter\View\View->render('Guia/login', [], true)
 3 APPPATH\Controllers\Login.php(11): view('Guia/login')
 4 SYSTEMPATH\CodeIgniter.php(934): App\Controllers\Login->loginL()
 5 SYSTEMPATH\CodeIgniter.php(499): CodeIgniter\CodeIgniter->runController(Object(App\Controllers\Login))
 6 SYSTEMPATH\CodeIgniter.php(368): CodeIgniter\CodeIgniter->handleRequest(null, Object(Config\Cache), false)
 7 FCPATH\index.php(67): CodeIgniter\CodeIgniter->run()
 8 SYSTEMPATH\Commands\Server\rewrite.php(47): require_once('D:\\Programs\\xampp\\htdocs\\KevinLemus\\public\\index.php')
CRITICAL - 2023-05-19 04:26:56 --> Invalid file: "Guia/login.php"
in SYSTEMPATH\Exceptions\FrameworkException.php on line 33.
 1 SYSTEMPATH\View\View.php(201): CodeIgniter\Exceptions\FrameworkException::forInvalidFile('Guia/login.php')
 2 SYSTEMPATH\Common.php(1184): CodeIgniter\View\View->render('Guia/login', [], true)
 3 APPPATH\Controllers\Login.php(11): view('Guia/login')
 4 SYSTEMPATH\CodeIgniter.php(934): App\Controllers\Login->loginL()
 5 SYSTEMPATH\CodeIgniter.php(499): CodeIgniter\CodeIgniter->runController(Object(App\Controllers\Login))
 6 SYSTEMPATH\CodeIgniter.php(368): CodeIgniter\CodeIgniter->handleRequest(null, Object(Config\Cache), false)
 7 FCPATH\index.php(67): CodeIgniter\CodeIgniter->run()
 8 SYSTEMPATH\Commands\Server\rewrite.php(47): require_once('D:\\Programs\\xampp\\htdocs\\KevinLemus\\public\\index.php')
CRITICAL - 2023-05-19 04:27:46 --> Invalid file: "Guia/login.php"
in SYSTEMPATH\Exceptions\FrameworkException.php on line 33.
 1 SYSTEMPATH\View\View.php(201): CodeIgniter\Exceptions\FrameworkException::forInvalidFile('Guia/login.php')
 2 SYSTEMPATH\Common.php(1184): CodeIgniter\View\View->render('Guia/login', [], true)
 3 APPPATH\Controllers\Login.php(11): view('Guia/login')
 4 SYSTEMPATH\CodeIgniter.php(934): App\Controllers\Login->loginL()
 5 SYSTEMPATH\CodeIgniter.php(499): CodeIgniter\CodeIgniter->runController(Object(App\Controllers\Login))
 6 SYSTEMPATH\CodeIgniter.php(368): CodeIgniter\CodeIgniter->handleRequest(null, Object(Config\Cache), false)
 7 FCPATH\index.php(67): CodeIgniter\CodeIgniter->run()
 8 SYSTEMPATH\Commands\Server\rewrite.php(47): require_once('D:\\Programs\\xampp\\htdocs\\KevinLemus\\public\\index.php')
CRITICAL - 2023-05-19 04:27:46 --> Invalid file: "Guia/login.php"
in SYSTEMPATH\Exceptions\FrameworkException.php on line 33.
 1 SYSTEMPATH\View\View.php(201): CodeIgniter\Exceptions\FrameworkException::forInvalidFile('Guia/login.php')
 2 SYSTEMPATH\Common.php(1184): CodeIgniter\View\View->render('Guia/login', [], true)
 3 APPPATH\Controllers\Login.php(11): view('Guia/login')
 4 SYSTEMPATH\CodeIgniter.php(934): App\Controllers\Login->loginL()
 5 SYSTEMPATH\CodeIgniter.php(499): CodeIgniter\CodeIgniter->runController(Object(App\Controllers\Login))
 6 SYSTEMPATH\CodeIgniter.php(368): CodeIgniter\CodeIgniter->handleRequest(null, Object(Config\Cache), false)
 7 FCPATH\index.php(67): CodeIgniter\CodeIgniter->run()
 8 SYSTEMPATH\Commands\Server\rewrite.php(47): require_once('D:\\Programs\\xampp\\htdocs\\KevinLemus\\public\\index.php')
CRITICAL - 2023-05-19 04:27:46 --> Invalid file: "Guia/login.php"
in SYSTEMPATH\Exceptions\FrameworkException.php on line 33.
 1 SYSTEMPATH\View\View.php(201): CodeIgniter\Exceptions\FrameworkException::forInvalidFile('Guia/login.php')
 2 SYSTEMPATH\Common.php(1184): CodeIgniter\View\View->render('Guia/login', [], true)
 3 APPPATH\Controllers\Login.php(11): view('Guia/login')
 4 SYSTEMPATH\CodeIgniter.php(934): App\Controllers\Login->loginL()
 5 SYSTEMPATH\CodeIgniter.php(499): CodeIgniter\CodeIgniter->runController(Object(App\Controllers\Login))
 6 SYSTEMPATH\CodeIgniter.php(368): CodeIgniter\CodeIgniter->handleRequest(null, Object(Config\Cache), false)
 7 FCPATH\index.php(67): CodeIgniter\CodeIgniter->run()
 8 SYSTEMPATH\Commands\Server\rewrite.php(47): require_once('D:\\Programs\\xampp\\htdocs\\KevinLemus\\public\\index.php')
CRITICAL - 2023-05-19 04:27:47 --> Invalid file: "Guia/login.php"
in SYSTEMPATH\Exceptions\FrameworkException.php on line 33.
 1 SYSTEMPATH\View\View.php(201): CodeIgniter\Exceptions\FrameworkException::forInvalidFile('Guia/login.php')
 2 SYSTEMPATH\Common.php(1184): CodeIgniter\View\View->render('Guia/login', [], true)
 3 APPPATH\Controllers\Login.php(11): view('Guia/login')
 4 SYSTEMPATH\CodeIgniter.php(934): App\Controllers\Login->loginL()
 5 SYSTEMPATH\CodeIgniter.php(499): CodeIgniter\CodeIgniter->runController(Object(App\Controllers\Login))
 6 SYSTEMPATH\CodeIgniter.php(368): CodeIgniter\CodeIgniter->handleRequest(null, Object(Config\Cache), false)
 7 FCPATH\index.php(67): CodeIgniter\CodeIgniter->run()
 8 SYSTEMPATH\Commands\Server\rewrite.php(47): require_once('D:\\Programs\\xampp\\htdocs\\KevinLemus\\public\\index.php')
CRITICAL - 2023-05-19 04:27:47 --> Invalid file: "Guia/login.php"
in SYSTEMPATH\Exceptions\FrameworkException.php on line 33.
 1 SYSTEMPATH\View\View.php(201): CodeIgniter\Exceptions\FrameworkException::forInvalidFile('Guia/login.php')
 2 SYSTEMPATH\Common.php(1184): CodeIgniter\View\View->render('Guia/login', [], true)
 3 APPPATH\Controllers\Login.php(11): view('Guia/login')
 4 SYSTEMPATH\CodeIgniter.php(934): App\Controllers\Login->loginL()
 5 SYSTEMPATH\CodeIgniter.php(499): CodeIgniter\CodeIgniter->runController(Object(App\Controllers\Login))
 6 SYSTEMPATH\CodeIgniter.php(368): CodeIgniter\CodeIgniter->handleRequest(null, Object(Config\Cache), false)
 7 FCPATH\index.php(67): CodeIgniter\CodeIgniter->run()
 8 SYSTEMPATH\Commands\Server\rewrite.php(47): require_once('D:\\Programs\\xampp\\htdocs\\KevinLemus\\public\\index.php')
CRITICAL - 2023-05-19 04:28:34 --> Invalid file: "Guia/login.php"
in SYSTEMPATH\Exceptions\FrameworkException.php on line 33.
 1 SYSTEMPATH\View\View.php(201): CodeIgniter\Exceptions\FrameworkException::forInvalidFile('Guia/login.php')
 2 SYSTEMPATH\Common.php(1184): CodeIgniter\View\View->render('Guia/login', [], true)
 3 APPPATH\Controllers\Login.php(11): view('Guia/login')
 4 SYSTEMPATH\CodeIgniter.php(934): App\Controllers\Login->loginL()
 5 SYSTEMPATH\CodeIgniter.php(499): CodeIgniter\CodeIgniter->runController(Object(App\Controllers\Login))
 6 SYSTEMPATH\CodeIgniter.php(368): CodeIgniter\CodeIgniter->handleRequest(null, Object(Config\Cache), false)
 7 FCPATH\index.php(67): CodeIgniter\CodeIgniter->run()
 8 SYSTEMPATH\Commands\Server\rewrite.php(47): require_once('D:\\Programs\\xampp\\htdocs\\KevinLemus\\public\\index.php')
CRITICAL - 2023-05-19 04:30:31 --> Invalid file: "Guia/login.php"
in SYSTEMPATH\Exceptions\FrameworkException.php on line 33.
 1 SYSTEMPATH\View\View.php(201): CodeIgniter\Exceptions\FrameworkException::forInvalidFile('Guia/login.php')
 2 SYSTEMPATH\Common.php(1184): CodeIgniter\View\View->render('Guia/login', [], true)
 3 APPPATH\Controllers\Login.php(11): view('Guia/login')
 4 SYSTEMPATH\CodeIgniter.php(934): App\Controllers\Login->loginL()
 5 SYSTEMPATH\CodeIgniter.php(499): CodeIgniter\CodeIgniter->runController(Object(App\Controllers\Login))
 6 SYSTEMPATH\CodeIgniter.php(368): CodeIgniter\CodeIgniter->handleRequest(null, Object(Config\Cache), false)
 7 FCPATH\index.php(67): CodeIgniter\CodeIgniter->run()
 8 SYSTEMPATH\Commands\Server\rewrite.php(47): require_once('D:\\Programs\\xampp\\htdocs\\KevinLemus\\public\\index.php')
CRITICAL - 2023-05-19 04:32:04 --> Invalid file: "Guia/login.php"
in SYSTEMPATH\Exceptions\FrameworkException.php on line 33.
 1 SYSTEMPATH\View\View.php(201): CodeIgniter\Exceptions\FrameworkException::forInvalidFile('Guia/login.php')
 2 SYSTEMPATH\Common.php(1184): CodeIgniter\View\View->render('Guia/login', [], true)
 3 APPPATH\Controllers\Login.php(11): view('Guia/login')
 4 SYSTEMPATH\CodeIgniter.php(934): App\Controllers\Login->loginL()
 5 SYSTEMPATH\CodeIgniter.php(499): CodeIgniter\CodeIgniter->runController(Object(App\Controllers\Login))
 6 SYSTEMPATH\CodeIgniter.php(368): CodeIgniter\CodeIgniter->handleRequest(null, Object(Config\Cache), false)
 7 FCPATH\index.php(67): CodeIgniter\CodeIgniter->run()
 8 SYSTEMPATH\Commands\Server\rewrite.php(47): require_once('D:\\Programs\\xampp\\htdocs\\KevinLemus\\public\\index.php')
CRITICAL - 2023-05-19 04:32:05 --> Invalid file: "Guia/login.php"
in SYSTEMPATH\Exceptions\FrameworkException.php on line 33.
 1 SYSTEMPATH\View\View.php(201): CodeIgniter\Exceptions\FrameworkException::forInvalidFile('Guia/login.php')
 2 SYSTEMPATH\Common.php(1184): CodeIgniter\View\View->render('Guia/login', [], true)
 3 APPPATH\Controllers\Login.php(11): view('Guia/login')
 4 SYSTEMPATH\CodeIgniter.php(934): App\Controllers\Login->loginL()
 5 SYSTEMPATH\CodeIgniter.php(499): CodeIgniter\CodeIgniter->runController(Object(App\Controllers\Login))
 6 SYSTEMPATH\CodeIgniter.php(368): CodeIgniter\CodeIgniter->handleRequest(null, Object(Config\Cache), false)
 7 FCPATH\index.php(67): CodeIgniter\CodeIgniter->run()
 8 SYSTEMPATH\Commands\Server\rewrite.php(47): require_once('D:\\Programs\\xampp\\htdocs\\KevinLemus\\public\\index.php')
CRITICAL - 2023-05-19 04:32:35 --> Invalid file: "Guia/login.php"
in SYSTEMPATH\Exceptions\FrameworkException.php on line 33.
 1 SYSTEMPATH\View\View.php(201): CodeIgniter\Exceptions\FrameworkException::forInvalidFile('Guia/login.php')
 2 SYSTEMPATH\Common.php(1184): CodeIgniter\View\View->render('Guia/login', [], true)
 3 APPPATH\Controllers\Login.php(11): view('Guia/login')
 4 SYSTEMPATH\CodeIgniter.php(934): App\Controllers\Login->loginL()
 5 SYSTEMPATH\CodeIgniter.php(499): CodeIgniter\CodeIgniter->runController(Object(App\Controllers\Login))
 6 SYSTEMPATH\CodeIgniter.php(368): CodeIgniter\CodeIgniter->handleRequest(null, Object(Config\Cache), false)
 7 FCPATH\index.php(67): CodeIgniter\CodeIgniter->run()
 8 SYSTEMPATH\Commands\Server\rewrite.php(47): require_once('D:\\Programs\\xampp\\htdocs\\KevinLemus\\public\\index.php')
CRITICAL - 2023-05-19 04:35:44 --> Invalid file: "Guia/login.php"
in SYSTEMPATH\Exceptions\FrameworkException.php on line 33.
 1 SYSTEMPATH\View\View.php(201): CodeIgniter\Exceptions\FrameworkException::forInvalidFile('Guia/login.php')
 2 SYSTEMPATH\Common.php(1184): CodeIgniter\View\View->render('Guia/login', [], true)
 3 APPPATH\Controllers\Login.php(11): view('Guia/login')
 4 SYSTEMPATH\CodeIgniter.php(934): App\Controllers\Login->loginL()
 5 SYSTEMPATH\CodeIgniter.php(499): CodeIgniter\CodeIgniter->runController(Object(App\Controllers\Login))
 6 SYSTEMPATH\CodeIgniter.php(368): CodeIgniter\CodeIgniter->handleRequest(null, Object(Config\Cache), false)
 7 FCPATH\index.php(67): CodeIgniter\CodeIgniter->run()
 8 SYSTEMPATH\Commands\Server\rewrite.php(47): require_once('D:\\Programs\\xampp\\htdocs\\KevinLemus\\public\\index.php')
CRITICAL - 2023-05-19 04:36:03 --> Invalid file: "Guia/login.php"
in SYSTEMPATH\Exceptions\FrameworkException.php on line 33.
 1 SYSTEMPATH\View\View.php(201): CodeIgniter\Exceptions\FrameworkException::forInvalidFile('Guia/login.php')
 2 SYSTEMPATH\Common.php(1184): CodeIgniter\View\View->render('Guia/login', [], true)
 3 APPPATH\Controllers\Login.php(11): view('Guia/login')
 4 SYSTEMPATH\CodeIgniter.php(934): App\Controllers\Login->loginL()
 5 SYSTEMPATH\CodeIgniter.php(499): CodeIgniter\CodeIgniter->runController(Object(App\Controllers\Login))
 6 SYSTEMPATH\CodeIgniter.php(368): CodeIgniter\CodeIgniter->handleRequest(null, Object(Config\Cache), false)
 7 FCPATH\index.php(67): CodeIgniter\CodeIgniter->run()
 8 SYSTEMPATH\Commands\Server\rewrite.php(47): require_once('D:\\Programs\\xampp\\htdocs\\KevinLemus\\public\\index.php')
CRITICAL - 2023-05-19 04:36:04 --> Invalid file: "Guia/login.php"
in SYSTEMPATH\Exceptions\FrameworkException.php on line 33.
 1 SYSTEMPATH\View\View.php(201): CodeIgniter\Exceptions\FrameworkException::forInvalidFile('Guia/login.php')
 2 SYSTEMPATH\Common.php(1184): CodeIgniter\View\View->render('Guia/login', [], true)
 3 APPPATH\Controllers\Login.php(11): view('Guia/login')
 4 SYSTEMPATH\CodeIgniter.php(934): App\Controllers\Login->loginL()
 5 SYSTEMPATH\CodeIgniter.php(499): CodeIgniter\CodeIgniter->runController(Object(App\Controllers\Login))
 6 SYSTEMPATH\CodeIgniter.php(368): CodeIgniter\CodeIgniter->handleRequest(null, Object(Config\Cache), false)
 7 FCPATH\index.php(67): CodeIgniter\CodeIgniter->run()
 8 SYSTEMPATH\Commands\Server\rewrite.php(47): require_once('D:\\Programs\\xampp\\htdocs\\KevinLemus\\public\\index.php')
CRITICAL - 2023-05-19 04:36:17 --> Invalid file: "Guia/login.php"
in SYSTEMPATH\Exceptions\FrameworkException.php on line 33.
 1 SYSTEMPATH\View\View.php(201): CodeIgniter\Exceptions\FrameworkException::forInvalidFile('Guia/login.php')
 2 SYSTEMPATH\Common.php(1184): CodeIgniter\View\View->render('Guia/login', [], true)
 3 APPPATH\Controllers\Login.php(11): view('Guia/login')
 4 SYSTEMPATH\CodeIgniter.php(934): App\Controllers\Login->loginL()
 5 SYSTEMPATH\CodeIgniter.php(499): CodeIgniter\CodeIgniter->runController(Object(App\Controllers\Login))
 6 SYSTEMPATH\CodeIgniter.php(368): CodeIgniter\CodeIgniter->handleRequest(null, Object(Config\Cache), false)
 7 FCPATH\index.php(67): CodeIgniter\CodeIgniter->run()
 8 SYSTEMPATH\Commands\Server\rewrite.php(47): require_once('D:\\Programs\\xampp\\htdocs\\KevinLemus\\public\\index.php')
CRITICAL - 2023-05-19 04:36:18 --> Invalid file: "Guia/login.php"
in SYSTEMPATH\Exceptions\FrameworkException.php on line 33.
 1 SYSTEMPATH\View\View.php(201): CodeIgniter\Exceptions\FrameworkException::forInvalidFile('Guia/login.php')
 2 SYSTEMPATH\Common.php(1184): CodeIgniter\View\View->render('Guia/login', [], true)
 3 APPPATH\Controllers\Login.php(11): view('Guia/login')
 4 SYSTEMPATH\CodeIgniter.php(934): App\Controllers\Login->loginL()
 5 SYSTEMPATH\CodeIgniter.php(499): CodeIgniter\CodeIgniter->runController(Object(App\Controllers\Login))
 6 SYSTEMPATH\CodeIgniter.php(368): CodeIgniter\CodeIgniter->handleRequest(null, Object(Config\Cache), false)
 7 FCPATH\index.php(67): CodeIgniter\CodeIgniter->run()
 8 SYSTEMPATH\Commands\Server\rewrite.php(47): require_once('D:\\Programs\\xampp\\htdocs\\KevinLemus\\public\\index.php')
CRITICAL - 2023-05-19 04:36:18 --> Invalid file: "Guia/login.php"
in SYSTEMPATH\Exceptions\FrameworkException.php on line 33.
 1 SYSTEMPATH\View\View.php(201): CodeIgniter\Exceptions\FrameworkException::forInvalidFile('Guia/login.php')
 2 SYSTEMPATH\Common.php(1184): CodeIgniter\View\View->render('Guia/login', [], true)
 3 APPPATH\Controllers\Login.php(11): view('Guia/login')
 4 SYSTEMPATH\CodeIgniter.php(934): App\Controllers\Login->loginL()
 5 SYSTEMPATH\CodeIgniter.php(499): CodeIgniter\CodeIgniter->runController(Object(App\Controllers\Login))
 6 SYSTEMPATH\CodeIgniter.php(368): CodeIgniter\CodeIgniter->handleRequest(null, Object(Config\Cache), false)
 7 FCPATH\index.php(67): CodeIgniter\CodeIgniter->run()
 8 SYSTEMPATH\Commands\Server\rewrite.php(47): require_once('D:\\Programs\\xampp\\htdocs\\KevinLemus\\public\\index.php')
CRITICAL - 2023-05-19 04:36:18 --> Invalid file: "Guia/login.php"
in SYSTEMPATH\Exceptions\FrameworkException.php on line 33.
 1 SYSTEMPATH\View\View.php(201): CodeIgniter\Exceptions\FrameworkException::forInvalidFile('Guia/login.php')
 2 SYSTEMPATH\Common.php(1184): CodeIgniter\View\View->render('Guia/login', [], true)
 3 APPPATH\Controllers\Login.php(11): view('Guia/login')
 4 SYSTEMPATH\CodeIgniter.php(934): App\Controllers\Login->loginL()
 5 SYSTEMPATH\CodeIgniter.php(499): CodeIgniter\CodeIgniter->runController(Object(App\Controllers\Login))
 6 SYSTEMPATH\CodeIgniter.php(368): CodeIgniter\CodeIgniter->handleRequest(null, Object(Config\Cache), false)
 7 FCPATH\index.php(67): CodeIgniter\CodeIgniter->run()
 8 SYSTEMPATH\Commands\Server\rewrite.php(47): require_once('D:\\Programs\\xampp\\htdocs\\KevinLemus\\public\\index.php')
CRITICAL - 2023-05-19 04:36:18 --> Invalid file: "Guia/login.php"
in SYSTEMPATH\Exceptions\FrameworkException.php on line 33.
 1 SYSTEMPATH\View\View.php(201): CodeIgniter\Exceptions\FrameworkException::forInvalidFile('Guia/login.php')
 2 SYSTEMPATH\Common.php(1184): CodeIgniter\View\View->render('Guia/login', [], true)
 3 APPPATH\Controllers\Login.php(11): view('Guia/login')
 4 SYSTEMPATH\CodeIgniter.php(934): App\Controllers\Login->loginL()
 5 SYSTEMPATH\CodeIgniter.php(499): CodeIgniter\CodeIgniter->runController(Object(App\Controllers\Login))
 6 SYSTEMPATH\CodeIgniter.php(368): CodeIgniter\CodeIgniter->handleRequest(null, Object(Config\Cache), false)
 7 FCPATH\index.php(67): CodeIgniter\CodeIgniter->run()
 8 SYSTEMPATH\Commands\Server\rewrite.php(47): require_once('D:\\Programs\\xampp\\htdocs\\KevinLemus\\public\\index.php')
CRITICAL - 2023-05-19 04:37:27 --> Call to undefined function form_open()
in APPPATH\Views\Guias\login.php on line 23.
 1 SYSTEMPATH\View\View.php(213): include()
 2 SYSTEMPATH\View\View.php(216): CodeIgniter\View\View->CodeIgniter\View\{closure}()
 3 SYSTEMPATH\Common.php(1184): CodeIgniter\View\View->render('Guias/login', [], true)
 4 APPPATH\Controllers\Login.php(11): view('Guias/login')
 5 SYSTEMPATH\CodeIgniter.php(934): App\Controllers\Login->loginL()
 6 SYSTEMPATH\CodeIgniter.php(499): CodeIgniter\CodeIgniter->runController(Object(App\Controllers\Login))
 7 SYSTEMPATH\CodeIgniter.php(368): CodeIgniter\CodeIgniter->handleRequest(null, Object(Config\Cache), false)
 8 FCPATH\index.php(67): CodeIgniter\CodeIgniter->run()
 9 SYSTEMPATH\Commands\Server\rewrite.php(47): require_once('D:\\Programs\\xampp\\htdocs\\KevinLemus\\public\\index.php')
CRITICAL - 2023-05-19 04:38:59 --> Call to undefined function form_open()
in APPPATH\Views\Guias\login.php on line 26.
 1 SYSTEMPATH\View\View.php(213): include()
 2 SYSTEMPATH\View\View.php(216): CodeIgniter\View\View->CodeIgniter\View\{closure}()
 3 SYSTEMPATH\Common.php(1184): CodeIgniter\View\View->render('Guias/login', [], true)
 4 APPPATH\Controllers\Login.php(11): view('Guias/login')
 5 SYSTEMPATH\CodeIgniter.php(934): App\Controllers\Login->loginL()
 6 SYSTEMPATH\CodeIgniter.php(499): CodeIgniter\CodeIgniter->runController(Object(App\Controllers\Login))
 7 SYSTEMPATH\CodeIgniter.php(368): CodeIgniter\CodeIgniter->handleRequest(null, Object(Config\Cache), false)
 8 FCPATH\index.php(67): CodeIgniter\CodeIgniter->run()
 9 SYSTEMPATH\Commands\Server\rewrite.php(47): require_once('D:\\Programs\\xampp\\htdocs\\KevinLemus\\public\\index.php')
CRITICAL - 2023-05-19 04:43:22 --> Call to undefined function form_open()
in APPPATH\Views\Guias\login.php on line 26.
 1 SYSTEMPATH\View\View.php(213): include()
 2 SYSTEMPATH\View\View.php(216): CodeIgniter\View\View->CodeIgniter\View\{closure}()
 3 SYSTEMPATH\Common.php(1184): CodeIgniter\View\View->render('Guias/login', [], true)
 4 APPPATH\Controllers\Login.php(11): view('Guias/login')
 5 SYSTEMPATH\CodeIgniter.php(934): App\Controllers\Login->loginL()
 6 SYSTEMPATH\CodeIgniter.php(499): CodeIgniter\CodeIgniter->runController(Object(App\Controllers\Login))
 7 SYSTEMPATH\CodeIgniter.php(368): CodeIgniter\CodeIgniter->handleRequest(null, Object(Config\Cache), false)
 8 FCPATH\index.php(67): CodeIgniter\CodeIgniter->run()
 9 SYSTEMPATH\Commands\Server\rewrite.php(47): require_once('D:\\Programs\\xampp\\htdocs\\KevinLemus\\public\\index.php')
CRITICAL - 2023-05-19 04:43:58 --> Call to undefined function form_open()
in APPPATH\Views\Guias\login.php on line 26.
 1 SYSTEMPATH\View\View.php(213): include()
 2 SYSTEMPATH\View\View.php(216): CodeIgniter\View\View->CodeIgniter\View\{closure}()
 3 SYSTEMPATH\Common.php(1184): CodeIgniter\View\View->render('Guias/login', [], true)
 4 APPPATH\Controllers\Login.php(11): view('Guias/login')
 5 SYSTEMPATH\CodeIgniter.php(934): App\Controllers\Login->loginL()
 6 SYSTEMPATH\CodeIgniter.php(499): CodeIgniter\CodeIgniter->runController(Object(App\Controllers\Login))
 7 SYSTEMPATH\CodeIgniter.php(368): CodeIgniter\CodeIgniter->handleRequest(null, Object(Config\Cache), false)
 8 FCPATH\index.php(67): CodeIgniter\CodeIgniter->run()
 9 SYSTEMPATH\Commands\Server\rewrite.php(47): require_once('D:\\Programs\\xampp\\htdocs\\KevinLemus\\public\\index.php')
CRITICAL - 2023-05-19 04:45:07 --> Call to undefined function form_open()
in APPPATH\Views\Guias\login.php on line 28.
 1 SYSTEMPATH\View\View.php(213): include()
 2 SYSTEMPATH\View\View.php(216): CodeIgniter\View\View->CodeIgniter\View\{closure}()
 3 SYSTEMPATH\Common.php(1184): CodeIgniter\View\View->render('Guias/login', [], true)
 4 APPPATH\Controllers\Login.php(11): view('Guias/login')
 5 SYSTEMPATH\CodeIgniter.php(934): App\Controllers\Login->loginL()
 6 SYSTEMPATH\CodeIgniter.php(499): CodeIgniter\CodeIgniter->runController(Object(App\Controllers\Login))
 7 SYSTEMPATH\CodeIgniter.php(368): CodeIgniter\CodeIgniter->handleRequest(null, Object(Config\Cache), false)
 8 FCPATH\index.php(67): CodeIgniter\CodeIgniter->run()
 9 SYSTEMPATH\Commands\Server\rewrite.php(47): require_once('D:\\Programs\\xampp\\htdocs\\KevinLemus\\public\\index.php')
CRITICAL - 2023-05-19 04:45:20 --> syntax error, unexpected end of file, expecting "elseif" or "else" or "endif"
in APPPATH\Views\Guias\login.php on line 40.
 1 SYSTEMPATH\View\View.php(216): CodeIgniter\View\View->CodeIgniter\View\{closure}()
 2 SYSTEMPATH\Common.php(1184): CodeIgniter\View\View->render('Guias/login', [], true)
 3 APPPATH\Controllers\Login.php(11): view('Guias/login')
 4 SYSTEMPATH\CodeIgniter.php(934): App\Controllers\Login->loginL()
 5 SYSTEMPATH\CodeIgniter.php(499): CodeIgniter\CodeIgniter->runController(Object(App\Controllers\Login))
 6 SYSTEMPATH\CodeIgniter.php(368): CodeIgniter\CodeIgniter->handleRequest(null, Object(Config\Cache), false)
 7 FCPATH\index.php(67): CodeIgniter\CodeIgniter->run()
 8 SYSTEMPATH\Commands\Server\rewrite.php(47): require_once('D:\\Programs\\xampp\\htdocs\\KevinLemus\\public\\index.php')
CRITICAL - 2023-05-19 04:45:35 --> Call to undefined function form_open()
in APPPATH\Views\Guias\login.php on line 26.
 1 SYSTEMPATH\View\View.php(213): include()
 2 SYSTEMPATH\View\View.php(216): CodeIgniter\View\View->CodeIgniter\View\{closure}()
 3 SYSTEMPATH\Common.php(1184): CodeIgniter\View\View->render('Guias/login', [], true)
 4 APPPATH\Controllers\Login.php(11): view('Guias/login')
 5 SYSTEMPATH\CodeIgniter.php(934): App\Controllers\Login->loginL()
 6 SYSTEMPATH\CodeIgniter.php(499): CodeIgniter\CodeIgniter->runController(Object(App\Controllers\Login))
 7 SYSTEMPATH\CodeIgniter.php(368): CodeIgniter\CodeIgniter->handleRequest(null, Object(Config\Cache), false)
 8 FCPATH\index.php(67): CodeIgniter\CodeIgniter->run()
 9 SYSTEMPATH\Commands\Server\rewrite.php(47): require_once('D:\\Programs\\xampp\\htdocs\\KevinLemus\\public\\index.php')
CRITICAL - 2023-05-19 05:19:42 --> Call to undefined function form_open()
in APPPATH\Views\Guias\login.php on line 29.
 1 SYSTEMPATH\View\View.php(213): include()
 2 SYSTEMPATH\View\View.php(216): CodeIgniter\View\View->CodeIgniter\View\{closure}()
 3 SYSTEMPATH\Common.php(1184): CodeIgniter\View\View->render('Guias/login', [], true)
 4 APPPATH\Controllers\Login.php(13): view('Guias/login')
 5 SYSTEMPATH\CodeIgniter.php(934): App\Controllers\Login->loginL()
 6 SYSTEMPATH\CodeIgniter.php(499): CodeIgniter\CodeIgniter->runController(Object(App\Controllers\Login))
 7 SYSTEMPATH\CodeIgniter.php(368): CodeIgniter\CodeIgniter->handleRequest(null, Object(Config\Cache), false)
 8 FCPATH\index.php(67): CodeIgniter\CodeIgniter->run()
 9 SYSTEMPATH\Commands\Server\rewrite.php(47): require_once('D:\\Programs\\xampp\\htdocs\\KevinLemus\\public\\index.php')
CRITICAL - 2023-05-19 05:30:38 --> Call to undefined function form_open()
in APPPATH\Views\Guias\login.php on line 28.
 1 SYSTEMPATH\View\View.php(213): include()
 2 SYSTEMPATH\View\View.php(216): CodeIgniter\View\View->CodeIgniter\View\{closure}()
 3 SYSTEMPATH\Common.php(1184): CodeIgniter\View\View->render('Guias/login', [], true)
 4 APPPATH\Controllers\Login.php(13): view('Guias/login')
 5 SYSTEMPATH\CodeIgniter.php(934): App\Controllers\Login->loginL()
 6 SYSTEMPATH\CodeIgniter.php(499): CodeIgniter\CodeIgniter->runController(Object(App\Controllers\Login))
 7 SYSTEMPATH\CodeIgniter.php(368): CodeIgniter\CodeIgniter->handleRequest(null, Object(Config\Cache), false)
 8 FCPATH\index.php(67): CodeIgniter\CodeIgniter->run()
 9 SYSTEMPATH\Commands\Server\rewrite.php(47): require_once('D:\\Programs\\xampp\\htdocs\\KevinLemus\\public\\index.php')
CRITICAL - 2023-05-19 05:30:42 --> Call to undefined function form_open()
in APPPATH\Views\Guias\login.php on line 28.
 1 SYSTEMPATH\View\View.php(213): include()
 2 SYSTEMPATH\View\View.php(216): CodeIgniter\View\View->CodeIgniter\View\{closure}()
 3 SYSTEMPATH\Common.php(1184): CodeIgniter\View\View->render('Guias/login', [], true)
 4 APPPATH\Controllers\Login.php(13): view('Guias/login')
 5 SYSTEMPATH\CodeIgniter.php(934): App\Controllers\Login->loginL()
 6 SYSTEMPATH\CodeIgniter.php(499): CodeIgniter\CodeIgniter->runController(Object(App\Controllers\Login))
 7 SYSTEMPATH\CodeIgniter.php(368): CodeIgniter\CodeIgniter->handleRequest(null, Object(Config\Cache), false)
 8 FCPATH\index.php(67): CodeIgniter\CodeIgniter->run()
 9 SYSTEMPATH\Commands\Server\rewrite.php(47): require_once('D:\\Programs\\xampp\\htdocs\\KevinLemus\\public\\index.php')
CRITICAL - 2023-05-19 05:30:42 --> Call to undefined function form_open()
in APPPATH\Views\Guias\login.php on line 28.
 1 SYSTEMPATH\View\View.php(213): include()
 2 SYSTEMPATH\View\View.php(216): CodeIgniter\View\View->CodeIgniter\View\{closure}()
 3 SYSTEMPATH\Common.php(1184): CodeIgniter\View\View->render('Guias/login', [], true)
 4 APPPATH\Controllers\Login.php(13): view('Guias/login')
 5 SYSTEMPATH\CodeIgniter.php(934): App\Controllers\Login->loginL()
 6 SYSTEMPATH\CodeIgniter.php(499): CodeIgniter\CodeIgniter->runController(Object(App\Controllers\Login))
 7 SYSTEMPATH\CodeIgniter.php(368): CodeIgniter\CodeIgniter->handleRequest(null, Object(Config\Cache), false)
 8 FCPATH\index.php(67): CodeIgniter\CodeIgniter->run()
 9 SYSTEMPATH\Commands\Server\rewrite.php(47): require_once('D:\\Programs\\xampp\\htdocs\\KevinLemus\\public\\index.php')
CRITICAL - 2023-05-19 05:30:47 --> Call to undefined function form_open()
in APPPATH\Views\Guias\login.php on line 28.
 1 SYSTEMPATH\View\View.php(213): include()
 2 SYSTEMPATH\View\View.php(216): CodeIgniter\View\View->CodeIgniter\View\{closure}()
 3 SYSTEMPATH\Common.php(1184): CodeIgniter\View\View->render('Guias/login', [], true)
 4 APPPATH\Controllers\Login.php(13): view('Guias/login')
 5 SYSTEMPATH\CodeIgniter.php(934): App\Controllers\Login->loginL()
 6 SYSTEMPATH\CodeIgniter.php(499): CodeIgniter\CodeIgniter->runController(Object(App\Controllers\Login))
 7 SYSTEMPATH\CodeIgniter.php(368): CodeIgniter\CodeIgniter->handleRequest(null, Object(Config\Cache), false)
 8 FCPATH\index.php(67): CodeIgniter\CodeIgniter->run()
 9 SYSTEMPATH\Commands\Server\rewrite.php(47): require_once('D:\\Programs\\xampp\\htdocs\\KevinLemus\\public\\index.php')
CRITICAL - 2023-05-19 05:58:26 --> View themes, no current section.
in SYSTEMPATH\View\View.php on line 394.
 1 APPPATH\Views\Guias\login.php(42): CodeIgniter\View\View->endSection()
 2 SYSTEMPATH\View\View.php(213): include('D:\\Programs\\xampp\\htdocs\\KevinLemus\\app\\Views\\Guias\\login.php')
 3 SYSTEMPATH\View\View.php(216): CodeIgniter\View\View->CodeIgniter\View\{closure}()
 4 SYSTEMPATH\Common.php(1184): CodeIgniter\View\View->render('Guias/login', [], true)
 5 APPPATH\Controllers\Login.php(11): view('Guias/login')
 6 SYSTEMPATH\CodeIgniter.php(934): App\Controllers\Login->loginL()
 7 SYSTEMPATH\CodeIgniter.php(499): CodeIgniter\CodeIgniter->runController(Object(App\Controllers\Login))
 8 SYSTEMPATH\CodeIgniter.php(368): CodeIgniter\CodeIgniter->handleRequest(null, Object(Config\Cache), false)
 9 FCPATH\index.php(67): CodeIgniter\CodeIgniter->run()
10 SYSTEMPATH\Commands\Server\rewrite.php(47): require_once('D:\\Programs\\xampp\\htdocs\\KevinLemus\\public\\index.php')
CRITICAL - 2023-05-19 05:58:27 --> View themes, no current section.
in SYSTEMPATH\View\View.php on line 394.
 1 APPPATH\Views\Guias\login.php(42): CodeIgniter\View\View->endSection()
 2 SYSTEMPATH\View\View.php(213): include('D:\\Programs\\xampp\\htdocs\\KevinLemus\\app\\Views\\Guias\\login.php')
 3 SYSTEMPATH\View\View.php(216): CodeIgniter\View\View->CodeIgniter\View\{closure}()
 4 SYSTEMPATH\Common.php(1184): CodeIgniter\View\View->render('Guias/login', [], true)
 5 APPPATH\Controllers\Login.php(11): view('Guias/login')
 6 SYSTEMPATH\CodeIgniter.php(934): App\Controllers\Login->loginL()
 7 SYSTEMPATH\CodeIgniter.php(499): CodeIgniter\CodeIgniter->runController(Object(App\Controllers\Login))
 8 SYSTEMPATH\CodeIgniter.php(368): CodeIgniter\CodeIgniter->handleRequest(null, Object(Config\Cache), false)
 9 FCPATH\index.php(67): CodeIgniter\CodeIgniter->run()
10 SYSTEMPATH\Commands\Server\rewrite.php(47): require_once('D:\\Programs\\xampp\\htdocs\\KevinLemus\\public\\index.php')
CRITICAL - 2023-05-19 06:40:41 --> Invalid file: "Guias/sublogin.php"
in SYSTEMPATH\Exceptions\FrameworkException.php on line 33.
 1 SYSTEMPATH\View\View.php(201): CodeIgniter\Exceptions\FrameworkException::forInvalidFile('Guias/sublogin.php')
 2 SYSTEMPATH\Common.php(1184): CodeIgniter\View\View->render('Guias/sublogin', [], true)
 3 APPPATH\Controllers\Login.php(15): view('Guias/sublogin')
 4 SYSTEMPATH\CodeIgniter.php(934): App\Controllers\Login->subloginL()
 5 SYSTEMPATH\CodeIgniter.php(499): CodeIgniter\CodeIgniter->runController(Object(App\Controllers\Login))
 6 SYSTEMPATH\CodeIgniter.php(368): CodeIgniter\CodeIgniter->handleRequest(null, Object(Config\Cache), false)
 7 FCPATH\index.php(67): CodeIgniter\CodeIgniter->run()
 8 SYSTEMPATH\Commands\Server\rewrite.php(47): require_once('D:\\Programs\\xampp\\htdocs\\KevinLemus\\public\\index.php')
CRITICAL - 2023-05-19 06:41:12 --> Invalid file: "Guias/sublogin.php"
in SYSTEMPATH\Exceptions\FrameworkException.php on line 33.
 1 SYSTEMPATH\View\View.php(201): CodeIgniter\Exceptions\FrameworkException::forInvalidFile('Guias/sublogin.php')
 2 SYSTEMPATH\Common.php(1184): CodeIgniter\View\View->render('Guias/sublogin', [], true)
 3 APPPATH\Controllers\Login.php(15): view('Guias/sublogin')
 4 SYSTEMPATH\CodeIgniter.php(934): App\Controllers\Login->subloginL()
 5 SYSTEMPATH\CodeIgniter.php(499): CodeIgniter\CodeIgniter->runController(Object(App\Controllers\Login))
 6 SYSTEMPATH\CodeIgniter.php(368): CodeIgniter\CodeIgniter->handleRequest(null, Object(Config\Cache), false)
 7 FCPATH\index.php(67): CodeIgniter\CodeIgniter->run()
 8 SYSTEMPATH\Commands\Server\rewrite.php(47): require_once('D:\\Programs\\xampp\\htdocs\\KevinLemus\\public\\index.php')
CRITICAL - 2023-05-19 06:41:14 --> Invalid file: "Guias/sublogin.php"
in SYSTEMPATH\Exceptions\FrameworkException.php on line 33.
 1 SYSTEMPATH\View\View.php(201): CodeIgniter\Exceptions\FrameworkException::forInvalidFile('Guias/sublogin.php')
 2 SYSTEMPATH\Common.php(1184): CodeIgniter\View\View->render('Guias/sublogin', [], true)
 3 APPPATH\Controllers\Login.php(15): view('Guias/sublogin')
 4 SYSTEMPATH\CodeIgniter.php(934): App\Controllers\Login->subloginL()
 5 SYSTEMPATH\CodeIgniter.php(499): CodeIgniter\CodeIgniter->runController(Object(App\Controllers\Login))
 6 SYSTEMPATH\CodeIgniter.php(368): CodeIgniter\CodeIgniter->handleRequest(null, Object(Config\Cache), false)
 7 FCPATH\index.php(67): CodeIgniter\CodeIgniter->run()
 8 SYSTEMPATH\Commands\Server\rewrite.php(47): require_once('D:\\Programs\\xampp\\htdocs\\KevinLemus\\public\\index.php')
CRITICAL - 2023-05-19 06:44:00 --> Invalid file: "Guias/sublogin.php"
in SYSTEMPATH\Exceptions\FrameworkException.php on line 33.
 1 SYSTEMPATH\View\View.php(201): CodeIgniter\Exceptions\FrameworkException::forInvalidFile('Guias/sublogin.php')
 2 SYSTEMPATH\Common.php(1184): CodeIgniter\View\View->render('Guias/sublogin', [], true)
 3 APPPATH\Controllers\Login.php(15): view('Guias/sublogin')
 4 SYSTEMPATH\CodeIgniter.php(934): App\Controllers\Login->subloginL()
 5 SYSTEMPATH\CodeIgniter.php(499): CodeIgniter\CodeIgniter->runController(Object(App\Controllers\Login))
 6 SYSTEMPATH\CodeIgniter.php(368): CodeIgniter\CodeIgniter->handleRequest(null, Object(Config\Cache), false)
 7 FCPATH\index.php(67): CodeIgniter\CodeIgniter->run()
 8 SYSTEMPATH\Commands\Server\rewrite.php(47): require_once('D:\\Programs\\xampp\\htdocs\\KevinLemus\\public\\index.php')
CRITICAL - 2023-05-19 06:45:12 --> Invalid file: "/SBLOGIN.php"
in SYSTEMPATH\Exceptions\FrameworkException.php on line 33.
 1 SYSTEMPATH\View\View.php(201): CodeIgniter\Exceptions\FrameworkException::forInvalidFile('/SBLOGIN.php')
 2 SYSTEMPATH\Common.php(1184): CodeIgniter\View\View->render('/SBLOGIN', [], true)
 3 APPPATH\Controllers\Login.php(26): view('/SBLOGIN')
 4 SYSTEMPATH\CodeIgniter.php(934): App\Controllers\Login->validacion()
 5 SYSTEMPATH\CodeIgniter.php(499): CodeIgniter\CodeIgniter->runController(Object(App\Controllers\Login))
 6 SYSTEMPATH\CodeIgniter.php(368): CodeIgniter\CodeIgniter->handleRequest(null, Object(Config\Cache), false)
 7 FCPATH\index.php(67): CodeIgniter\CodeIgniter->run()
 8 SYSTEMPATH\Commands\Server\rewrite.php(47): require_once('D:\\Programs\\xampp\\htdocs\\KevinLemus\\public\\index.php')
CRITICAL - 2023-05-19 07:10:03 --> Undefined constant "App\Controllers\this"
in APPPATH\Controllers\Login.php on line 29.
 1 SYSTEMPATH\CodeIgniter.php(934): App\Controllers\Login->validacion()
 2 SYSTEMPATH\CodeIgniter.php(499): CodeIgniter\CodeIgniter->runController(Object(App\Controllers\Login))
 3 SYSTEMPATH\CodeIgniter.php(368): CodeIgniter\CodeIgniter->handleRequest(null, Object(Config\Cache), false)
 4 FCPATH\index.php(67): CodeIgniter\CodeIgniter->run()
 5 SYSTEMPATH\Commands\Server\rewrite.php(47): require_once('D:\\Programs\\xampp\\htdocs\\KevinLemus\\public\\index.php')
CRITICAL - 2023-05-19 07:11:19 --> Undefined constant "App\Controllers\this"
in APPPATH\Controllers\Login.php on line 31.
 1 SYSTEMPATH\CodeIgniter.php(934): App\Controllers\Login->validacion()
 2 SYSTEMPATH\CodeIgniter.php(499): CodeIgniter\CodeIgniter->runController(Object(App\Controllers\Login))
 3 SYSTEMPATH\CodeIgniter.php(368): CodeIgniter\CodeIgniter->handleRequest(null, Object(Config\Cache), false)
 4 FCPATH\index.php(67): CodeIgniter\CodeIgniter->run()
 5 SYSTEMPATH\Commands\Server\rewrite.php(47): require_once('D:\\Programs\\xampp\\htdocs\\KevinLemus\\public\\index.php')
CRITICAL - 2023-05-19 07:13:04 --> Undefined variable $user
in APPPATH\Controllers\Login.php on line 32.
 1 APPPATH\Controllers\Login.php(32): CodeIgniter\Debug\Exceptions->errorHandler(2, 'Undefined variable $user', 'D:\\Programs\\xampp\\htdocs\\KevinLemus\\app\\Controllers\\Login.php', 32)
 2 SYSTEMPATH\CodeIgniter.php(934): App\Controllers\Login->validacion()
 3 SYSTEMPATH\CodeIgniter.php(499): CodeIgniter\CodeIgniter->runController(Object(App\Controllers\Login))
 4 SYSTEMPATH\CodeIgniter.php(368): CodeIgniter\CodeIgniter->handleRequest(null, Object(Config\Cache), false)
 5 FCPATH\index.php(67): CodeIgniter\CodeIgniter->run()
 6 SYSTEMPATH\Commands\Server\rewrite.php(47): require_once('D:\\Programs\\xampp\\htdocs\\KevinLemus\\public\\index.php')
CRITICAL - 2023-05-19 07:13:19 --> Undefined variable $user
in APPPATH\Controllers\Login.php on line 32.
 1 APPPATH\Controllers\Login.php(32): CodeIgniter\Debug\Exceptions->errorHandler(2, 'Undefined variable $user', 'D:\\Programs\\xampp\\htdocs\\KevinLemus\\app\\Controllers\\Login.php', 32)
 2 SYSTEMPATH\CodeIgniter.php(934): App\Controllers\Login->validacion()
 3 SYSTEMPATH\CodeIgniter.php(499): CodeIgniter\CodeIgniter->runController(Object(App\Controllers\Login))
 4 SYSTEMPATH\CodeIgniter.php(368): CodeIgniter\CodeIgniter->handleRequest(null, Object(Config\Cache), false)
 5 FCPATH\index.php(67): CodeIgniter\CodeIgniter->run()
 6 SYSTEMPATH\Commands\Server\rewrite.php(47): require_once('D:\\Programs\\xampp\\htdocs\\KevinLemus\\public\\index.php')
CRITICAL - 2023-05-19 07:14:08 --> Undefined variable $user
in APPPATH\Controllers\Login.php on line 32.
 1 APPPATH\Controllers\Login.php(32): CodeIgniter\Debug\Exceptions->errorHandler(2, 'Undefined variable $user', 'D:\\Programs\\xampp\\htdocs\\KevinLemus\\app\\Controllers\\Login.php', 32)
 2 SYSTEMPATH\CodeIgniter.php(934): App\Controllers\Login->validacion()
 3 SYSTEMPATH\CodeIgniter.php(499): CodeIgniter\CodeIgniter->runController(Object(App\Controllers\Login))
 4 SYSTEMPATH\CodeIgniter.php(368): CodeIgniter\CodeIgniter->handleRequest(null, Object(Config\Cache), false)
 5 FCPATH\index.php(67): CodeIgniter\CodeIgniter->run()
 6 SYSTEMPATH\Commands\Server\rewrite.php(47): require_once('D:\\Programs\\xampp\\htdocs\\KevinLemus\\public\\index.php')
CRITICAL - 2023-05-19 07:21:59 --> Unsupported operand types: string + string
in APPPATH\Controllers\Login.php on line 42.
 1 SYSTEMPATH\CodeIgniter.php(934): App\Controllers\Login->validacion()
 2 SYSTEMPATH\CodeIgniter.php(499): CodeIgniter\CodeIgniter->runController(Object(App\Controllers\Login))
 3 SYSTEMPATH\CodeIgniter.php(368): CodeIgniter\CodeIgniter->handleRequest(null, Object(Config\Cache), false)
 4 FCPATH\index.php(67): CodeIgniter\CodeIgniter->run()
 5 SYSTEMPATH\Commands\Server\rewrite.php(47): require_once('D:\\Programs\\xampp\\htdocs\\KevinLemus\\public\\index.php')
CRITICAL - 2023-05-19 08:04:52 --> CodeIgniter\HTTP\RedirectResponse::to(): Argument #2 ($code) must be of type ?int, array given, called in D:\Programs\xampp\htdocs\KevinLemus\app\Controllers\Login.php on line 44
in SYSTEMPATH\HTTP\RedirectResponse.php on line 32.
 1 APPPATH\Controllers\Login.php(44): CodeIgniter\HTTP\RedirectResponse->to('/SBLOGIN', [...])
 2 SYSTEMPATH\CodeIgniter.php(934): App\Controllers\Login->validacion()
 3 SYSTEMPATH\CodeIgniter.php(499): CodeIgniter\CodeIgniter->runController(Object(App\Controllers\Login))
 4 SYSTEMPATH\CodeIgniter.php(368): CodeIgniter\CodeIgniter->handleRequest(null, Object(Config\Cache), false)
 5 FCPATH\index.php(67): CodeIgniter\CodeIgniter->run()
 6 SYSTEMPATH\Commands\Server\rewrite.php(47): require_once('D:\\Programs\\xampp\\htdocs\\KevinLemus\\public\\index.php')
CRITICAL - 2023-05-19 08:05:09 --> CodeIgniter\HTTP\RedirectResponse::to(): Argument #2 ($code) must be of type ?int, array given, called in D:\Programs\xampp\htdocs\KevinLemus\app\Controllers\Login.php on line 44
in SYSTEMPATH\HTTP\RedirectResponse.php on line 32.
 1 APPPATH\Controllers\Login.php(44): CodeIgniter\HTTP\RedirectResponse->to('/SBLOGIN', [...])
 2 SYSTEMPATH\CodeIgniter.php(934): App\Controllers\Login->validacion()
 3 SYSTEMPATH\CodeIgniter.php(499): CodeIgniter\CodeIgniter->runController(Object(App\Controllers\Login))
 4 SYSTEMPATH\CodeIgniter.php(368): CodeIgniter\CodeIgniter->handleRequest(null, Object(Config\Cache), false)
 5 FCPATH\index.php(67): CodeIgniter\CodeIgniter->run()
 6 SYSTEMPATH\Commands\Server\rewrite.php(47): require_once('D:\\Programs\\xampp\\htdocs\\KevinLemus\\public\\index.php')
CRITICAL - 2023-05-19 08:05:13 --> CodeIgniter\HTTP\RedirectResponse::to(): Argument #2 ($code) must be of type ?int, array given, called in D:\Programs\xampp\htdocs\KevinLemus\app\Controllers\Login.php on line 44
in SYSTEMPATH\HTTP\RedirectResponse.php on line 32.
 1 APPPATH\Controllers\Login.php(44): CodeIgniter\HTTP\RedirectResponse->to('/SBLOGIN', [...])
 2 SYSTEMPATH\CodeIgniter.php(934): App\Controllers\Login->validacion()
 3 SYSTEMPATH\CodeIgniter.php(499): CodeIgniter\CodeIgniter->runController(Object(App\Controllers\Login))
 4 SYSTEMPATH\CodeIgniter.php(368): CodeIgniter\CodeIgniter->handleRequest(null, Object(Config\Cache), false)
 5 FCPATH\index.php(67): CodeIgniter\CodeIgniter->run()
 6 SYSTEMPATH\Commands\Server\rewrite.php(47): require_once('D:\\Programs\\xampp\\htdocs\\KevinLemus\\public\\index.php')
CRITICAL - 2023-05-19 08:07:28 --> CodeIgniter\HTTP\RedirectResponse::to(): Argument #2 ($code) must be of type ?int, array given, called in D:\Programs\xampp\htdocs\KevinLemus\app\Controllers\Login.php on line 44
in SYSTEMPATH\HTTP\RedirectResponse.php on line 32.
 1 APPPATH\Controllers\Login.php(44): CodeIgniter\HTTP\RedirectResponse->to('/SBLOGIN', [...])
 2 SYSTEMPATH\CodeIgniter.php(934): App\Controllers\Login->validacion()
 3 SYSTEMPATH\CodeIgniter.php(499): CodeIgniter\CodeIgniter->runController(Object(App\Controllers\Login))
 4 SYSTEMPATH\CodeIgniter.php(368): CodeIgniter\CodeIgniter->handleRequest(null, Object(Config\Cache), false)
 5 FCPATH\index.php(67): CodeIgniter\CodeIgniter->run()
 6 SYSTEMPATH\Commands\Server\rewrite.php(47): require_once('D:\\Programs\\xampp\\htdocs\\KevinLemus\\public\\index.php')
CRITICAL - 2023-05-19 08:07:33 --> CodeIgniter\HTTP\RedirectResponse::to(): Argument #2 ($code) must be of type ?int, array given, called in D:\Programs\xampp\htdocs\KevinLemus\app\Controllers\Login.php on line 44
in SYSTEMPATH\HTTP\RedirectResponse.php on line 32.
 1 APPPATH\Controllers\Login.php(44): CodeIgniter\HTTP\RedirectResponse->to('/SBLOGIN', [...])
 2 SYSTEMPATH\CodeIgniter.php(934): App\Controllers\Login->validacion()
 3 SYSTEMPATH\CodeIgniter.php(499): CodeIgniter\CodeIgniter->runController(Object(App\Controllers\Login))
 4 SYSTEMPATH\CodeIgniter.php(368): CodeIgniter\CodeIgniter->handleRequest(null, Object(Config\Cache), false)
 5 FCPATH\index.php(67): CodeIgniter\CodeIgniter->run()
 6 SYSTEMPATH\Commands\Server\rewrite.php(47): require_once('D:\\Programs\\xampp\\htdocs\\KevinLemus\\public\\index.php')
CRITICAL - 2023-05-19 08:08:48 --> CodeIgniter\HTTP\RedirectResponse::to(): Argument #2 ($code) must be of type ?int, array given, called in D:\Programs\xampp\htdocs\KevinLemus\app\Controllers\Login.php on line 44
in SYSTEMPATH\HTTP\RedirectResponse.php on line 32.
 1 APPPATH\Controllers\Login.php(44): CodeIgniter\HTTP\RedirectResponse->to('/SBLOGIN', [...])
 2 SYSTEMPATH\CodeIgniter.php(934): App\Controllers\Login->validacion()
 3 SYSTEMPATH\CodeIgniter.php(499): CodeIgniter\CodeIgniter->runController(Object(App\Controllers\Login))
 4 SYSTEMPATH\CodeIgniter.php(368): CodeIgniter\CodeIgniter->handleRequest(null, Object(Config\Cache), false)
 5 FCPATH\index.php(67): CodeIgniter\CodeIgniter->run()
 6 SYSTEMPATH\Commands\Server\rewrite.php(47): require_once('D:\\Programs\\xampp\\htdocs\\KevinLemus\\public\\index.php')
CRITICAL - 2023-05-19 08:09:24 --> Undefined variable $username
in APPPATH\Views\Guias\msglogin.php on line 31.
 1 APPPATH\Views\Guias\msglogin.php(31): CodeIgniter\Debug\Exceptions->errorHandler(2, 'Undefined variable $username', 'D:\\Programs\\xampp\\htdocs\\KevinLemus\\app\\Views\\Guias\\msglogin.php', 31)
 2 SYSTEMPATH\View\View.php(213): include('D:\\Programs\\xampp\\htdocs\\KevinLemus\\app\\Views\\Guias\\msglogin.php')
 3 SYSTEMPATH\View\View.php(216): CodeIgniter\View\View->CodeIgniter\View\{closure}()
 4 SYSTEMPATH\Common.php(1184): CodeIgniter\View\View->render('Guias/msglogin', [], true)
 5 APPPATH\Controllers\Login.php(22): view('Guias/msglogin')
 6 SYSTEMPATH\CodeIgniter.php(934): App\Controllers\Login->subloginL()
 7 SYSTEMPATH\CodeIgniter.php(499): CodeIgniter\CodeIgniter->runController(Object(App\Controllers\Login))
 8 SYSTEMPATH\CodeIgniter.php(368): CodeIgniter\CodeIgniter->handleRequest(null, Object(Config\Cache), false)
 9 FCPATH\index.php(67): CodeIgniter\CodeIgniter->run()
10 SYSTEMPATH\Commands\Server\rewrite.php(47): require_once('D:\\Programs\\xampp\\htdocs\\KevinLemus\\public\\index.php')
CRITICAL - 2023-05-19 08:09:36 --> Undefined variable $username
in APPPATH\Views\Guias\msglogin.php on line 31.
 1 APPPATH\Views\Guias\msglogin.php(31): CodeIgniter\Debug\Exceptions->errorHandler(2, 'Undefined variable $username', 'D:\\Programs\\xampp\\htdocs\\KevinLemus\\app\\Views\\Guias\\msglogin.php', 31)
 2 SYSTEMPATH\View\View.php(213): include('D:\\Programs\\xampp\\htdocs\\KevinLemus\\app\\Views\\Guias\\msglogin.php')
 3 SYSTEMPATH\View\View.php(216): CodeIgniter\View\View->CodeIgniter\View\{closure}()
 4 SYSTEMPATH\Common.php(1184): CodeIgniter\View\View->render('Guias/msglogin', [], true)
 5 APPPATH\Controllers\Login.php(22): view('Guias/msglogin')
 6 SYSTEMPATH\CodeIgniter.php(934): App\Controllers\Login->subloginL()
 7 SYSTEMPATH\CodeIgniter.php(499): CodeIgniter\CodeIgniter->runController(Object(App\Controllers\Login))
 8 SYSTEMPATH\CodeIgniter.php(368): CodeIgniter\CodeIgniter->handleRequest(null, Object(Config\Cache), false)
 9 FCPATH\index.php(67): CodeIgniter\CodeIgniter->run()
10 SYSTEMPATH\Commands\Server\rewrite.php(47): require_once('D:\\Programs\\xampp\\htdocs\\KevinLemus\\public\\index.php')
CRITICAL - 2023-05-19 08:09:42 --> Undefined variable $username
in APPPATH\Views\Guias\msglogin.php on line 31.
 1 APPPATH\Views\Guias\msglogin.php(31): CodeIgniter\Debug\Exceptions->errorHandler(2, 'Undefined variable $username', 'D:\\Programs\\xampp\\htdocs\\KevinLemus\\app\\Views\\Guias\\msglogin.php', 31)
 2 SYSTEMPATH\View\View.php(213): include('D:\\Programs\\xampp\\htdocs\\KevinLemus\\app\\Views\\Guias\\msglogin.php')
 3 SYSTEMPATH\View\View.php(216): CodeIgniter\View\View->CodeIgniter\View\{closure}()
 4 SYSTEMPATH\Common.php(1184): CodeIgniter\View\View->render('Guias/msglogin', [], true)
 5 APPPATH\Controllers\Login.php(22): view('Guias/msglogin')
 6 SYSTEMPATH\CodeIgniter.php(934): App\Controllers\Login->subloginL()
 7 SYSTEMPATH\CodeIgniter.php(499): CodeIgniter\CodeIgniter->runController(Object(App\Controllers\Login))
 8 SYSTEMPATH\CodeIgniter.php(368): CodeIgniter\CodeIgniter->handleRequest(null, Object(Config\Cache), false)
 9 FCPATH\index.php(67): CodeIgniter\CodeIgniter->run()
10 SYSTEMPATH\Commands\Server\rewrite.php(47): require_once('D:\\Programs\\xampp\\htdocs\\KevinLemus\\public\\index.php')
CRITICAL - 2023-05-19 08:10:05 --> Undefined variable $username
in APPPATH\Views\Guias\msglogin.php on line 31.
 1 APPPATH\Views\Guias\msglogin.php(31): CodeIgniter\Debug\Exceptions->errorHandler(2, 'Undefined variable $username', 'D:\\Programs\\xampp\\htdocs\\KevinLemus\\app\\Views\\Guias\\msglogin.php', 31)
 2 SYSTEMPATH\View\View.php(213): include('D:\\Programs\\xampp\\htdocs\\KevinLemus\\app\\Views\\Guias\\msglogin.php')
 3 SYSTEMPATH\View\View.php(216): CodeIgniter\View\View->CodeIgniter\View\{closure}()
 4 SYSTEMPATH\Common.php(1184): CodeIgniter\View\View->render('Guias/msglogin', [], true)
 5 APPPATH\Controllers\Login.php(22): view('Guias/msglogin')
 6 SYSTEMPATH\CodeIgniter.php(934): App\Controllers\Login->subloginL()
 7 SYSTEMPATH\CodeIgniter.php(499): CodeIgniter\CodeIgniter->runController(Object(App\Controllers\Login))
 8 SYSTEMPATH\CodeIgniter.php(368): CodeIgniter\CodeIgniter->handleRequest(null, Object(Config\Cache), false)
 9 FCPATH\index.php(67): CodeIgniter\CodeIgniter->run()
10 SYSTEMPATH\Commands\Server\rewrite.php(47): require_once('D:\\Programs\\xampp\\htdocs\\KevinLemus\\public\\index.php')
CRITICAL - 2023-05-19 08:11:04 --> Undefined variable $username
in APPPATH\Views\Guias\msglogin.php on line 31.
 1 APPPATH\Views\Guias\msglogin.php(31): CodeIgniter\Debug\Exceptions->errorHandler(2, 'Undefined variable $username', 'D:\\Programs\\xampp\\htdocs\\KevinLemus\\app\\Views\\Guias\\msglogin.php', 31)
 2 SYSTEMPATH\View\View.php(213): include('D:\\Programs\\xampp\\htdocs\\KevinLemus\\app\\Views\\Guias\\msglogin.php')
 3 SYSTEMPATH\View\View.php(216): CodeIgniter\View\View->CodeIgniter\View\{closure}()
 4 SYSTEMPATH\Common.php(1184): CodeIgniter\View\View->render('Guias/msglogin', [], true)
 5 APPPATH\Controllers\Login.php(22): view('Guias/msglogin')
 6 SYSTEMPATH\CodeIgniter.php(934): App\Controllers\Login->subloginL()
 7 SYSTEMPATH\CodeIgniter.php(499): CodeIgniter\CodeIgniter->runController(Object(App\Controllers\Login))
 8 SYSTEMPATH\CodeIgniter.php(368): CodeIgniter\CodeIgniter->handleRequest(null, Object(Config\Cache), false)
 9 FCPATH\index.php(67): CodeIgniter\CodeIgniter->run()
10 SYSTEMPATH\Commands\Server\rewrite.php(47): require_once('D:\\Programs\\xampp\\htdocs\\KevinLemus\\public\\index.php')
CRITICAL - 2023-05-19 08:11:09 --> Undefined variable $username
in APPPATH\Views\Guias\msglogin.php on line 31.
 1 APPPATH\Views\Guias\msglogin.php(31): CodeIgniter\Debug\Exceptions->errorHandler(2, 'Undefined variable $username', 'D:\\Programs\\xampp\\htdocs\\KevinLemus\\app\\Views\\Guias\\msglogin.php', 31)
 2 SYSTEMPATH\View\View.php(213): include('D:\\Programs\\xampp\\htdocs\\KevinLemus\\app\\Views\\Guias\\msglogin.php')
 3 SYSTEMPATH\View\View.php(216): CodeIgniter\View\View->CodeIgniter\View\{closure}()
 4 SYSTEMPATH\Common.php(1184): CodeIgniter\View\View->render('Guias/msglogin', [], true)
 5 APPPATH\Controllers\Login.php(22): view('Guias/msglogin')
 6 SYSTEMPATH\CodeIgniter.php(934): App\Controllers\Login->subloginL()
 7 SYSTEMPATH\CodeIgniter.php(499): CodeIgniter\CodeIgniter->runController(Object(App\Controllers\Login))
 8 SYSTEMPATH\CodeIgniter.php(368): CodeIgniter\CodeIgniter->handleRequest(null, Object(Config\Cache), false)
 9 FCPATH\index.php(67): CodeIgniter\CodeIgniter->run()
10 SYSTEMPATH\Commands\Server\rewrite.php(47): require_once('D:\\Programs\\xampp\\htdocs\\KevinLemus\\public\\index.php')
