ERROR - 2023-05-14 01:01:34 --> Error connecting to the database: mysqli_sql_exception: Access denied for user ''@'localhost' (using password: NO) in D:\Programs\xampp\htdocs\KevinLemus\system\Database\MySQLi\Connection.php:173
Stack trace:
#0 D:\Programs\xampp\htdocs\KevinLemus\system\Database\MySQLi\Connection.php(173): mysqli->real_connect('localhost', '', Object(SensitiveParameterValue), '', 3306, '', 0)
#1 D:\Programs\xampp\htdocs\KevinLemus\system\Database\BaseConnection.php(391): CodeIgniter\Database\MySQLi\Connection->connect(false)
#2 D:\Programs\xampp\htdocs\KevinLemus\system\Database\BaseConnection.php(573): CodeIgniter\Database\BaseConnection->initialize()
#3 D:\Programs\xampp\htdocs\KevinLemus\system\Database\BaseBuilder.php(1616): CodeIgniter\Database\BaseConnection->query('SELECT *\nFROM `...', Array, false)
#4 D:\Programs\xampp\htdocs\KevinLemus\system\Model.php(200): CodeIgniter\Database\BaseBuilder->get()
#5 D:\Programs\xampp\htdocs\KevinLemus\system\BaseModel.php(557): CodeIgniter\Model->doFind(true, 9)
#6 D:\Programs\xampp\htdocs\KevinLemus\app\Controllers\Roles.php(17): CodeIgniter\BaseModel->find(9)
#7 D:\Programs\xampp\htdocs\KevinLemus\system\CodeIgniter.php(934): App\Controllers\Roles->consultarD()
#8 D:\Programs\xampp\htdocs\KevinLemus\system\CodeIgniter.php(499): CodeIgniter\CodeIgniter->runController(Object(App\Controllers\Roles))
#9 D:\Programs\xampp\htdocs\KevinLemus\system\CodeIgniter.php(368): CodeIgniter\CodeIgniter->handleRequest(NULL, Object(Config\Cache), false)
#10 D:\Programs\xampp\htdocs\KevinLemus\public\index.php(67): CodeIgniter\CodeIgniter->run()
#11 D:\Programs\xampp\htdocs\KevinLemus\system\Commands\Server\rewrite.php(47): require_once('D:\\Programs\\xam...')
#12 {main}

Next CodeIgniter\Database\Exceptions\DatabaseException: Access denied for user ''@'localhost' (using password: NO) in D:\Programs\xampp\htdocs\KevinLemus\system\Database\MySQLi\Connection.php:218
Stack trace:
#0 D:\Programs\xampp\htdocs\KevinLemus\system\Database\BaseConnection.php(391): CodeIgniter\Database\MySQLi\Connection->connect(false)
#1 D:\Programs\xampp\htdocs\KevinLemus\system\Database\BaseConnection.php(573): CodeIgniter\Database\BaseConnection->initialize()
#2 D:\Programs\xampp\htdocs\KevinLemus\system\Database\BaseBuilder.php(1616): CodeIgniter\Database\BaseConnection->query('SELECT *\nFROM `...', Array, false)
#3 D:\Programs\xampp\htdocs\KevinLemus\system\Model.php(200): CodeIgniter\Database\BaseBuilder->get()
#4 D:\Programs\xampp\htdocs\KevinLemus\system\BaseModel.php(557): CodeIgniter\Model->doFind(true, 9)
#5 D:\Programs\xampp\htdocs\KevinLemus\app\Controllers\Roles.php(17): CodeIgniter\BaseModel->find(9)
#6 D:\Programs\xampp\htdocs\KevinLemus\system\CodeIgniter.php(934): App\Controllers\Roles->consultarD()
#7 D:\Programs\xampp\htdocs\KevinLemus\system\CodeIgniter.php(499): CodeIgniter\CodeIgniter->runController(Object(App\Controllers\Roles))
#8 D:\Programs\xampp\htdocs\KevinLemus\system\CodeIgniter.php(368): CodeIgniter\CodeIgniter->handleRequest(NULL, Object(Config\Cache), false)
#9 D:\Programs\xampp\htdocs\KevinLemus\public\index.php(67): CodeIgniter\CodeIgniter->run()
#10 D:\Programs\xampp\htdocs\KevinLemus\system\Commands\Server\rewrite.php(47): require_once('D:\\Programs\\xam...')
#11 {main}
CRITICAL - 2023-05-14 01:01:34 --> Unable to connect to the database.
Main connection [MySQLi]: Access denied for user ''@'localhost' (using password: NO)
in SYSTEMPATH\Database\BaseConnection.php on line 427.
 1 SYSTEMPATH\Database\BaseConnection.php(573): CodeIgniter\Database\BaseConnection->initialize()
 2 SYSTEMPATH\Database\BaseBuilder.php(1616): CodeIgniter\Database\BaseConnection->query('SELECT *
FROM `users`
WHERE `users`.`id` = :users.id:', [...], false)
 3 SYSTEMPATH\Model.php(200): CodeIgniter\Database\BaseBuilder->get()
 4 SYSTEMPATH\BaseModel.php(557): CodeIgniter\Model->doFind(true, 9)
 5 APPPATH\Controllers\Roles.php(17): CodeIgniter\BaseModel->find(9)
 6 SYSTEMPATH\CodeIgniter.php(934): App\Controllers\Roles->consultarD()
 7 SYSTEMPATH\CodeIgniter.php(499): CodeIgniter\CodeIgniter->runController(Object(App\Controllers\Roles))
 8 SYSTEMPATH\CodeIgniter.php(368): CodeIgniter\CodeIgniter->handleRequest(null, Object(Config\Cache), false)
 9 FCPATH\index.php(67): CodeIgniter\CodeIgniter->run()
10 SYSTEMPATH\Commands\Server\rewrite.php(47): require_once('D:\\Programs\\xampp\\htdocs\\KevinLemus\\public\\index.php')
ERROR - 2023-05-14 01:01:47 --> Error connecting to the database: mysqli_sql_exception: Access denied for user ''@'localhost' (using password: NO) in D:\Programs\xampp\htdocs\KevinLemus\system\Database\MySQLi\Connection.php:173
Stack trace:
#0 D:\Programs\xampp\htdocs\KevinLemus\system\Database\MySQLi\Connection.php(173): mysqli->real_connect('localhost', '', Object(SensitiveParameterValue), '', 3306, '', 0)
#1 D:\Programs\xampp\htdocs\KevinLemus\system\Database\BaseConnection.php(391): CodeIgniter\Database\MySQLi\Connection->connect(false)
#2 D:\Programs\xampp\htdocs\KevinLemus\system\Database\BaseConnection.php(573): CodeIgniter\Database\BaseConnection->initialize()
#3 D:\Programs\xampp\htdocs\KevinLemus\system\Database\BaseBuilder.php(1616): CodeIgniter\Database\BaseConnection->query('SELECT *\nFROM `...', Array, false)
#4 D:\Programs\xampp\htdocs\KevinLemus\system\Model.php(200): CodeIgniter\Database\BaseBuilder->get()
#5 D:\Programs\xampp\htdocs\KevinLemus\system\BaseModel.php(557): CodeIgniter\Model->doFind(true, 9)
#6 D:\Programs\xampp\htdocs\KevinLemus\app\Controllers\Roles.php(17): CodeIgniter\BaseModel->find(9)
#7 D:\Programs\xampp\htdocs\KevinLemus\system\CodeIgniter.php(934): App\Controllers\Roles->consultarD()
#8 D:\Programs\xampp\htdocs\KevinLemus\system\CodeIgniter.php(499): CodeIgniter\CodeIgniter->runController(Object(App\Controllers\Roles))
#9 D:\Programs\xampp\htdocs\KevinLemus\system\CodeIgniter.php(368): CodeIgniter\CodeIgniter->handleRequest(NULL, Object(Config\Cache), false)
#10 D:\Programs\xampp\htdocs\KevinLemus\public\index.php(67): CodeIgniter\CodeIgniter->run()
#11 D:\Programs\xampp\htdocs\KevinLemus\system\Commands\Server\rewrite.php(47): require_once('D:\\Programs\\xam...')
#12 {main}

Next CodeIgniter\Database\Exceptions\DatabaseException: Access denied for user ''@'localhost' (using password: NO) in D:\Programs\xampp\htdocs\KevinLemus\system\Database\MySQLi\Connection.php:218
Stack trace:
#0 D:\Programs\xampp\htdocs\KevinLemus\system\Database\BaseConnection.php(391): CodeIgniter\Database\MySQLi\Connection->connect(false)
#1 D:\Programs\xampp\htdocs\KevinLemus\system\Database\BaseConnection.php(573): CodeIgniter\Database\BaseConnection->initialize()
#2 D:\Programs\xampp\htdocs\KevinLemus\system\Database\BaseBuilder.php(1616): CodeIgniter\Database\BaseConnection->query('SELECT *\nFROM `...', Array, false)
#3 D:\Programs\xampp\htdocs\KevinLemus\system\Model.php(200): CodeIgniter\Database\BaseBuilder->get()
#4 D:\Programs\xampp\htdocs\KevinLemus\system\BaseModel.php(557): CodeIgniter\Model->doFind(true, 9)
#5 D:\Programs\xampp\htdocs\KevinLemus\app\Controllers\Roles.php(17): CodeIgniter\BaseModel->find(9)
#6 D:\Programs\xampp\htdocs\KevinLemus\system\CodeIgniter.php(934): App\Controllers\Roles->consultarD()
#7 D:\Programs\xampp\htdocs\KevinLemus\system\CodeIgniter.php(499): CodeIgniter\CodeIgniter->runController(Object(App\Controllers\Roles))
#8 D:\Programs\xampp\htdocs\KevinLemus\system\CodeIgniter.php(368): CodeIgniter\CodeIgniter->handleRequest(NULL, Object(Config\Cache), false)
#9 D:\Programs\xampp\htdocs\KevinLemus\public\index.php(67): CodeIgniter\CodeIgniter->run()
#10 D:\Programs\xampp\htdocs\KevinLemus\system\Commands\Server\rewrite.php(47): require_once('D:\\Programs\\xam...')
#11 {main}
CRITICAL - 2023-05-14 01:01:47 --> Unable to connect to the database.
Main connection [MySQLi]: Access denied for user ''@'localhost' (using password: NO)
in SYSTEMPATH\Database\BaseConnection.php on line 427.
 1 SYSTEMPATH\Database\BaseConnection.php(573): CodeIgniter\Database\BaseConnection->initialize()
 2 SYSTEMPATH\Database\BaseBuilder.php(1616): CodeIgniter\Database\BaseConnection->query('SELECT *
FROM `users`
WHERE `users`.`id` = :users.id:', [...], false)
 3 SYSTEMPATH\Model.php(200): CodeIgniter\Database\BaseBuilder->get()
 4 SYSTEMPATH\BaseModel.php(557): CodeIgniter\Model->doFind(true, 9)
 5 APPPATH\Controllers\Roles.php(17): CodeIgniter\BaseModel->find(9)
 6 SYSTEMPATH\CodeIgniter.php(934): App\Controllers\Roles->consultarD()
 7 SYSTEMPATH\CodeIgniter.php(499): CodeIgniter\CodeIgniter->runController(Object(App\Controllers\Roles))
 8 SYSTEMPATH\CodeIgniter.php(368): CodeIgniter\CodeIgniter->handleRequest(null, Object(Config\Cache), false)
 9 FCPATH\index.php(67): CodeIgniter\CodeIgniter->run()
10 SYSTEMPATH\Commands\Server\rewrite.php(47): require_once('D:\\Programs\\xampp\\htdocs\\KevinLemus\\public\\index.php')
ERROR - 2023-05-14 01:02:47 --> Error connecting to the database: mysqli_sql_exception: Access denied for user ''@'localhost' (using password: NO) in D:\Programs\xampp\htdocs\KevinLemus\system\Database\MySQLi\Connection.php:173
Stack trace:
#0 D:\Programs\xampp\htdocs\KevinLemus\system\Database\MySQLi\Connection.php(173): mysqli->real_connect('localhost', '', Object(SensitiveParameterValue), '', 3306, '', 0)
#1 D:\Programs\xampp\htdocs\KevinLemus\system\Database\BaseConnection.php(391): CodeIgniter\Database\MySQLi\Connection->connect(false)
#2 D:\Programs\xampp\htdocs\KevinLemus\system\Database\BaseConnection.php(573): CodeIgniter\Database\BaseConnection->initialize()
#3 D:\Programs\xampp\htdocs\KevinLemus\system\Database\BaseBuilder.php(1616): CodeIgniter\Database\BaseConnection->query('SELECT *\nFROM `...', Array, false)
#4 D:\Programs\xampp\htdocs\KevinLemus\system\Model.php(200): CodeIgniter\Database\BaseBuilder->get()
#5 D:\Programs\xampp\htdocs\KevinLemus\system\BaseModel.php(557): CodeIgniter\Model->doFind(true, 9)
#6 D:\Programs\xampp\htdocs\KevinLemus\app\Controllers\Roles.php(17): CodeIgniter\BaseModel->find(9)
#7 D:\Programs\xampp\htdocs\KevinLemus\system\CodeIgniter.php(934): App\Controllers\Roles->consultarD()
#8 D:\Programs\xampp\htdocs\KevinLemus\system\CodeIgniter.php(499): CodeIgniter\CodeIgniter->runController(Object(App\Controllers\Roles))
#9 D:\Programs\xampp\htdocs\KevinLemus\system\CodeIgniter.php(368): CodeIgniter\CodeIgniter->handleRequest(NULL, Object(Config\Cache), false)
#10 D:\Programs\xampp\htdocs\KevinLemus\public\index.php(67): CodeIgniter\CodeIgniter->run()
#11 D:\Programs\xampp\htdocs\KevinLemus\system\Commands\Server\rewrite.php(47): require_once('D:\\Programs\\xam...')
#12 {main}

Next CodeIgniter\Database\Exceptions\DatabaseException: Access denied for user ''@'localhost' (using password: NO) in D:\Programs\xampp\htdocs\KevinLemus\system\Database\MySQLi\Connection.php:218
Stack trace:
#0 D:\Programs\xampp\htdocs\KevinLemus\system\Database\BaseConnection.php(391): CodeIgniter\Database\MySQLi\Connection->connect(false)
#1 D:\Programs\xampp\htdocs\KevinLemus\system\Database\BaseConnection.php(573): CodeIgniter\Database\BaseConnection->initialize()
#2 D:\Programs\xampp\htdocs\KevinLemus\system\Database\BaseBuilder.php(1616): CodeIgniter\Database\BaseConnection->query('SELECT *\nFROM `...', Array, false)
#3 D:\Programs\xampp\htdocs\KevinLemus\system\Model.php(200): CodeIgniter\Database\BaseBuilder->get()
#4 D:\Programs\xampp\htdocs\KevinLemus\system\BaseModel.php(557): CodeIgniter\Model->doFind(true, 9)
#5 D:\Programs\xampp\htdocs\KevinLemus\app\Controllers\Roles.php(17): CodeIgniter\BaseModel->find(9)
#6 D:\Programs\xampp\htdocs\KevinLemus\system\CodeIgniter.php(934): App\Controllers\Roles->consultarD()
#7 D:\Programs\xampp\htdocs\KevinLemus\system\CodeIgniter.php(499): CodeIgniter\CodeIgniter->runController(Object(App\Controllers\Roles))
#8 D:\Programs\xampp\htdocs\KevinLemus\system\CodeIgniter.php(368): CodeIgniter\CodeIgniter->handleRequest(NULL, Object(Config\Cache), false)
#9 D:\Programs\xampp\htdocs\KevinLemus\public\index.php(67): CodeIgniter\CodeIgniter->run()
#10 D:\Programs\xampp\htdocs\KevinLemus\system\Commands\Server\rewrite.php(47): require_once('D:\\Programs\\xam...')
#11 {main}
CRITICAL - 2023-05-14 01:02:47 --> Unable to connect to the database.
Main connection [MySQLi]: Access denied for user ''@'localhost' (using password: NO)
in SYSTEMPATH\Database\BaseConnection.php on line 427.
 1 SYSTEMPATH\Database\BaseConnection.php(573): CodeIgniter\Database\BaseConnection->initialize()
 2 SYSTEMPATH\Database\BaseBuilder.php(1616): CodeIgniter\Database\BaseConnection->query('SELECT *
FROM `users`
WHERE `users`.`id` = :users.id:', [...], false)
 3 SYSTEMPATH\Model.php(200): CodeIgniter\Database\BaseBuilder->get()
 4 SYSTEMPATH\BaseModel.php(557): CodeIgniter\Model->doFind(true, 9)
 5 APPPATH\Controllers\Roles.php(17): CodeIgniter\BaseModel->find(9)
 6 SYSTEMPATH\CodeIgniter.php(934): App\Controllers\Roles->consultarD()
 7 SYSTEMPATH\CodeIgniter.php(499): CodeIgniter\CodeIgniter->runController(Object(App\Controllers\Roles))
 8 SYSTEMPATH\CodeIgniter.php(368): CodeIgniter\CodeIgniter->handleRequest(null, Object(Config\Cache), false)
 9 FCPATH\index.php(67): CodeIgniter\CodeIgniter->run()
10 SYSTEMPATH\Commands\Server\rewrite.php(47): require_once('D:\\Programs\\xampp\\htdocs\\KevinLemus\\public\\index.php')
ERROR - 2023-05-14 01:03:04 --> Error connecting to the database: mysqli_sql_exception: Access denied for user ''@'localhost' (using password: NO) in D:\Programs\xampp\htdocs\KevinLemus\system\Database\MySQLi\Connection.php:173
Stack trace:
#0 D:\Programs\xampp\htdocs\KevinLemus\system\Database\MySQLi\Connection.php(173): mysqli->real_connect('localhost', '', Object(SensitiveParameterValue), '', 3306, '', 0)
#1 D:\Programs\xampp\htdocs\KevinLemus\system\Database\BaseConnection.php(391): CodeIgniter\Database\MySQLi\Connection->connect(false)
#2 D:\Programs\xampp\htdocs\KevinLemus\system\Database\BaseConnection.php(573): CodeIgniter\Database\BaseConnection->initialize()
#3 D:\Programs\xampp\htdocs\KevinLemus\system\Database\BaseBuilder.php(1616): CodeIgniter\Database\BaseConnection->query('SELECT *\nFROM `...', Array, false)
#4 D:\Programs\xampp\htdocs\KevinLemus\system\Model.php(200): CodeIgniter\Database\BaseBuilder->get()
#5 D:\Programs\xampp\htdocs\KevinLemus\system\BaseModel.php(557): CodeIgniter\Model->doFind(true, 9)
#6 D:\Programs\xampp\htdocs\KevinLemus\app\Controllers\Roles.php(17): CodeIgniter\BaseModel->find(9)
#7 D:\Programs\xampp\htdocs\KevinLemus\system\CodeIgniter.php(934): App\Controllers\Roles->consultarD()
#8 D:\Programs\xampp\htdocs\KevinLemus\system\CodeIgniter.php(499): CodeIgniter\CodeIgniter->runController(Object(App\Controllers\Roles))
#9 D:\Programs\xampp\htdocs\KevinLemus\system\CodeIgniter.php(368): CodeIgniter\CodeIgniter->handleRequest(NULL, Object(Config\Cache), false)
#10 D:\Programs\xampp\htdocs\KevinLemus\public\index.php(67): CodeIgniter\CodeIgniter->run()
#11 D:\Programs\xampp\htdocs\KevinLemus\system\Commands\Server\rewrite.php(47): require_once('D:\\Programs\\xam...')
#12 {main}

Next CodeIgniter\Database\Exceptions\DatabaseException: Access denied for user ''@'localhost' (using password: NO) in D:\Programs\xampp\htdocs\KevinLemus\system\Database\MySQLi\Connection.php:218
Stack trace:
#0 D:\Programs\xampp\htdocs\KevinLemus\system\Database\BaseConnection.php(391): CodeIgniter\Database\MySQLi\Connection->connect(false)
#1 D:\Programs\xampp\htdocs\KevinLemus\system\Database\BaseConnection.php(573): CodeIgniter\Database\BaseConnection->initialize()
#2 D:\Programs\xampp\htdocs\KevinLemus\system\Database\BaseBuilder.php(1616): CodeIgniter\Database\BaseConnection->query('SELECT *\nFROM `...', Array, false)
#3 D:\Programs\xampp\htdocs\KevinLemus\system\Model.php(200): CodeIgniter\Database\BaseBuilder->get()
#4 D:\Programs\xampp\htdocs\KevinLemus\system\BaseModel.php(557): CodeIgniter\Model->doFind(true, 9)
#5 D:\Programs\xampp\htdocs\KevinLemus\app\Controllers\Roles.php(17): CodeIgniter\BaseModel->find(9)
#6 D:\Programs\xampp\htdocs\KevinLemus\system\CodeIgniter.php(934): App\Controllers\Roles->consultarD()
#7 D:\Programs\xampp\htdocs\KevinLemus\system\CodeIgniter.php(499): CodeIgniter\CodeIgniter->runController(Object(App\Controllers\Roles))
#8 D:\Programs\xampp\htdocs\KevinLemus\system\CodeIgniter.php(368): CodeIgniter\CodeIgniter->handleRequest(NULL, Object(Config\Cache), false)
#9 D:\Programs\xampp\htdocs\KevinLemus\public\index.php(67): CodeIgniter\CodeIgniter->run()
#10 D:\Programs\xampp\htdocs\KevinLemus\system\Commands\Server\rewrite.php(47): require_once('D:\\Programs\\xam...')
#11 {main}
CRITICAL - 2023-05-14 01:03:04 --> Unable to connect to the database.
Main connection [MySQLi]: Access denied for user ''@'localhost' (using password: NO)
in SYSTEMPATH\Database\BaseConnection.php on line 427.
 1 SYSTEMPATH\Database\BaseConnection.php(573): CodeIgniter\Database\BaseConnection->initialize()
 2 SYSTEMPATH\Database\BaseBuilder.php(1616): CodeIgniter\Database\BaseConnection->query('SELECT *
FROM `users`
WHERE `users`.`id` = :users.id:', [...], false)
 3 SYSTEMPATH\Model.php(200): CodeIgniter\Database\BaseBuilder->get()
 4 SYSTEMPATH\BaseModel.php(557): CodeIgniter\Model->doFind(true, 9)
 5 APPPATH\Controllers\Roles.php(17): CodeIgniter\BaseModel->find(9)
 6 SYSTEMPATH\CodeIgniter.php(934): App\Controllers\Roles->consultarD()
 7 SYSTEMPATH\CodeIgniter.php(499): CodeIgniter\CodeIgniter->runController(Object(App\Controllers\Roles))
 8 SYSTEMPATH\CodeIgniter.php(368): CodeIgniter\CodeIgniter->handleRequest(null, Object(Config\Cache), false)
 9 FCPATH\index.php(67): CodeIgniter\CodeIgniter->run()
10 SYSTEMPATH\Commands\Server\rewrite.php(47): require_once('D:\\Programs\\xampp\\htdocs\\KevinLemus\\public\\index.php')
CRITICAL - 2023-05-14 01:15:30 --> CodeIgniter\Router\RouteCollection::get(): Argument #3 ($options) must be of type ?array, string given, called in D:\Programs\xampp\htdocs\KevinLemus\app\Config\Routes.php on line 34
in SYSTEMPATH\Router\RouteCollection.php on line 915.
 1 APPPATH\Config\Routes.php(34): CodeIgniter\Router\RouteCollection->get('/ROLES', 'Roles::rolesD', 'Roles::consultarD', [...])
 2 SYSTEMPATH\Router\RouteCollection.php(267): require('D:\\Programs\\xampp\\htdocs\\KevinLemus\\app\\Config\\Routes.php')
 3 SYSTEMPATH\CodeIgniter.php(802): CodeIgniter\Router\RouteCollection->loadRoutes()
 4 SYSTEMPATH\CodeIgniter.php(449): CodeIgniter\CodeIgniter->tryToRouteIt(null)
 5 SYSTEMPATH\CodeIgniter.php(368): CodeIgniter\CodeIgniter->handleRequest(null, Object(Config\Cache), false)
 6 FCPATH\index.php(67): CodeIgniter\CodeIgniter->run()
 7 SYSTEMPATH\Commands\Server\rewrite.php(47): require_once('D:\\Programs\\xampp\\htdocs\\KevinLemus\\public\\index.php')
CRITICAL - 2023-05-14 01:15:31 --> CodeIgniter\Router\RouteCollection::get(): Argument #3 ($options) must be of type ?array, string given, called in D:\Programs\xampp\htdocs\KevinLemus\app\Config\Routes.php on line 34
in SYSTEMPATH\Router\RouteCollection.php on line 915.
 1 APPPATH\Config\Routes.php(34): CodeIgniter\Router\RouteCollection->get('/ROLES', 'Roles::rolesD', 'Roles::consultarD', [...])
 2 SYSTEMPATH\Router\RouteCollection.php(267): require('D:\\Programs\\xampp\\htdocs\\KevinLemus\\app\\Config\\Routes.php')
 3 SYSTEMPATH\CodeIgniter.php(802): CodeIgniter\Router\RouteCollection->loadRoutes()
 4 SYSTEMPATH\CodeIgniter.php(449): CodeIgniter\CodeIgniter->tryToRouteIt(null)
 5 SYSTEMPATH\CodeIgniter.php(368): CodeIgniter\CodeIgniter->handleRequest(null, Object(Config\Cache), false)
 6 FCPATH\index.php(67): CodeIgniter\CodeIgniter->run()
 7 SYSTEMPATH\Commands\Server\rewrite.php(47): require_once('D:\\Programs\\xampp\\htdocs\\KevinLemus\\public\\index.php')
CRITICAL - 2023-05-14 01:15:35 --> CodeIgniter\Router\RouteCollection::get(): Argument #3 ($options) must be of type ?array, string given, called in D:\Programs\xampp\htdocs\KevinLemus\app\Config\Routes.php on line 34
in SYSTEMPATH\Router\RouteCollection.php on line 915.
 1 APPPATH\Config\Routes.php(34): CodeIgniter\Router\RouteCollection->get('/ROLES', 'Roles::rolesD', 'Roles::consultarD', [...])
 2 SYSTEMPATH\Router\RouteCollection.php(267): require('D:\\Programs\\xampp\\htdocs\\KevinLemus\\app\\Config\\Routes.php')
 3 SYSTEMPATH\CodeIgniter.php(802): CodeIgniter\Router\RouteCollection->loadRoutes()
 4 SYSTEMPATH\CodeIgniter.php(449): CodeIgniter\CodeIgniter->tryToRouteIt(null)
 5 SYSTEMPATH\CodeIgniter.php(368): CodeIgniter\CodeIgniter->handleRequest(null, Object(Config\Cache), false)
 6 FCPATH\index.php(67): CodeIgniter\CodeIgniter->run()
 7 SYSTEMPATH\Commands\Server\rewrite.php(47): require_once('D:\\Programs\\xampp\\htdocs\\KevinLemus\\public\\index.php')
CRITICAL - 2023-05-14 01:54:47 --> Deletes are not allowed unless they contain a "where" or "like" clause.
in SYSTEMPATH\Database\BaseBuilder.php on line 2767.
 1 SYSTEMPATH\Model.php(456): CodeIgniter\Database\BaseBuilder->delete()
 2 SYSTEMPATH\BaseModel.php(1065): CodeIgniter\Model->doDelete(0, false)
 3 APPPATH\Controllers\Roles.php(50): CodeIgniter\BaseModel->delete(0)
 4 SYSTEMPATH\CodeIgniter.php(934): App\Controllers\Roles->eliminarD()
 5 SYSTEMPATH\CodeIgniter.php(499): CodeIgniter\CodeIgniter->runController(Object(App\Controllers\Roles))
 6 SYSTEMPATH\CodeIgniter.php(368): CodeIgniter\CodeIgniter->handleRequest(null, Object(Config\Cache), false)
 7 FCPATH\index.php(67): CodeIgniter\CodeIgniter->run()
 8 SYSTEMPATH\Commands\Server\rewrite.php(47): require_once('D:\\Programs\\xampp\\htdocs\\KevinLemus\\public\\index.php')
CRITICAL - 2023-05-14 01:55:36 --> Deletes are not allowed unless they contain a "where" or "like" clause.
in SYSTEMPATH\Database\BaseBuilder.php on line 2767.
 1 SYSTEMPATH\Model.php(456): CodeIgniter\Database\BaseBuilder->delete()
 2 SYSTEMPATH\BaseModel.php(1065): CodeIgniter\Model->doDelete(0, false)
 3 APPPATH\Controllers\Roles.php(50): CodeIgniter\BaseModel->delete(0)
 4 SYSTEMPATH\CodeIgniter.php(934): App\Controllers\Roles->eliminarD()
 5 SYSTEMPATH\CodeIgniter.php(499): CodeIgniter\CodeIgniter->runController(Object(App\Controllers\Roles))
 6 SYSTEMPATH\CodeIgniter.php(368): CodeIgniter\CodeIgniter->handleRequest(null, Object(Config\Cache), false)
 7 FCPATH\index.php(67): CodeIgniter\CodeIgniter->run()
 8 SYSTEMPATH\Commands\Server\rewrite.php(47): require_once('D:\\Programs\\xampp\\htdocs\\KevinLemus\\public\\index.php')
CRITICAL - 2023-05-14 01:56:40 --> Deletes are not allowed unless they contain a "where" or "like" clause.
in SYSTEMPATH\Database\BaseBuilder.php on line 2767.
 1 SYSTEMPATH\Model.php(456): CodeIgniter\Database\BaseBuilder->delete()
 2 SYSTEMPATH\BaseModel.php(1065): CodeIgniter\Model->doDelete(0, false)
 3 APPPATH\Controllers\Roles.php(50): CodeIgniter\BaseModel->delete(0)
 4 SYSTEMPATH\CodeIgniter.php(934): App\Controllers\Roles->eliminarD()
 5 SYSTEMPATH\CodeIgniter.php(499): CodeIgniter\CodeIgniter->runController(Object(App\Controllers\Roles))
 6 SYSTEMPATH\CodeIgniter.php(368): CodeIgniter\CodeIgniter->handleRequest(null, Object(Config\Cache), false)
 7 FCPATH\index.php(67): CodeIgniter\CodeIgniter->run()
 8 SYSTEMPATH\Commands\Server\rewrite.php(47): require_once('D:\\Programs\\xampp\\htdocs\\KevinLemus\\public\\index.php')
CRITICAL - 2023-05-14 01:56:49 --> Deletes are not allowed unless they contain a "where" or "like" clause.
in SYSTEMPATH\Database\BaseBuilder.php on line 2767.
 1 SYSTEMPATH\Model.php(456): CodeIgniter\Database\BaseBuilder->delete()
 2 SYSTEMPATH\BaseModel.php(1065): CodeIgniter\Model->doDelete(0, false)
 3 APPPATH\Controllers\Roles.php(50): CodeIgniter\BaseModel->delete(0)
 4 SYSTEMPATH\CodeIgniter.php(934): App\Controllers\Roles->eliminarD()
 5 SYSTEMPATH\CodeIgniter.php(499): CodeIgniter\CodeIgniter->runController(Object(App\Controllers\Roles))
 6 SYSTEMPATH\CodeIgniter.php(368): CodeIgniter\CodeIgniter->handleRequest(null, Object(Config\Cache), false)
 7 FCPATH\index.php(67): CodeIgniter\CodeIgniter->run()
 8 SYSTEMPATH\Commands\Server\rewrite.php(47): require_once('D:\\Programs\\xampp\\htdocs\\KevinLemus\\public\\index.php')
CRITICAL - 2023-05-14 01:57:16 --> Deletes are not allowed unless they contain a "where" or "like" clause.
in SYSTEMPATH\Database\BaseBuilder.php on line 2767.
 1 SYSTEMPATH\Model.php(456): CodeIgniter\Database\BaseBuilder->delete()
 2 SYSTEMPATH\BaseModel.php(1065): CodeIgniter\Model->doDelete(0, false)
 3 APPPATH\Controllers\Roles.php(50): CodeIgniter\BaseModel->delete(0)
 4 SYSTEMPATH\CodeIgniter.php(934): App\Controllers\Roles->eliminarD()
 5 SYSTEMPATH\CodeIgniter.php(499): CodeIgniter\CodeIgniter->runController(Object(App\Controllers\Roles))
 6 SYSTEMPATH\CodeIgniter.php(368): CodeIgniter\CodeIgniter->handleRequest(null, Object(Config\Cache), false)
 7 FCPATH\index.php(67): CodeIgniter\CodeIgniter->run()
 8 SYSTEMPATH\Commands\Server\rewrite.php(47): require_once('D:\\Programs\\xampp\\htdocs\\KevinLemus\\public\\index.php')
CRITICAL - 2023-05-14 01:57:27 --> Deletes are not allowed unless they contain a "where" or "like" clause.
in SYSTEMPATH\Database\BaseBuilder.php on line 2767.
 1 SYSTEMPATH\Model.php(456): CodeIgniter\Database\BaseBuilder->delete()
 2 SYSTEMPATH\BaseModel.php(1065): CodeIgniter\Model->doDelete(0, false)
 3 APPPATH\Controllers\Roles.php(50): CodeIgniter\BaseModel->delete(0)
 4 SYSTEMPATH\CodeIgniter.php(934): App\Controllers\Roles->eliminarD()
 5 SYSTEMPATH\CodeIgniter.php(499): CodeIgniter\CodeIgniter->runController(Object(App\Controllers\Roles))
 6 SYSTEMPATH\CodeIgniter.php(368): CodeIgniter\CodeIgniter->handleRequest(null, Object(Config\Cache), false)
 7 FCPATH\index.php(67): CodeIgniter\CodeIgniter->run()
 8 SYSTEMPATH\Commands\Server\rewrite.php(47): require_once('D:\\Programs\\xampp\\htdocs\\KevinLemus\\public\\index.php')
CRITICAL - 2023-05-14 01:57:38 --> Deletes are not allowed unless they contain a "where" or "like" clause.
in SYSTEMPATH\Database\BaseBuilder.php on line 2767.
 1 SYSTEMPATH\Model.php(456): CodeIgniter\Database\BaseBuilder->delete()
 2 SYSTEMPATH\BaseModel.php(1065): CodeIgniter\Model->doDelete(0, false)
 3 APPPATH\Controllers\Roles.php(50): CodeIgniter\BaseModel->delete(0)
 4 SYSTEMPATH\CodeIgniter.php(934): App\Controllers\Roles->eliminarD()
 5 SYSTEMPATH\CodeIgniter.php(499): CodeIgniter\CodeIgniter->runController(Object(App\Controllers\Roles))
 6 SYSTEMPATH\CodeIgniter.php(368): CodeIgniter\CodeIgniter->handleRequest(null, Object(Config\Cache), false)
 7 FCPATH\index.php(67): CodeIgniter\CodeIgniter->run()
 8 SYSTEMPATH\Commands\Server\rewrite.php(47): require_once('D:\\Programs\\xampp\\htdocs\\KevinLemus\\public\\index.php')
CRITICAL - 2023-05-14 20:28:34 --> View themes, no current section.
in SYSTEMPATH\View\View.php on line 394.
 1 APPPATH\Views\Guia9\layout.php(43): CodeIgniter\View\View->endSection('content')
 2 SYSTEMPATH\View\View.php(213): include('D:\\Programs\\xampp\\htdocs\\KevinLemus\\app\\Views\\Guia9\\layout.php')
 3 SYSTEMPATH\View\View.php(216): CodeIgniter\View\View->CodeIgniter\View\{closure}()
 4 SYSTEMPATH\View\View.php(229): CodeIgniter\View\View->render('Guia9/layout', [], true)
 5 SYSTEMPATH\Common.php(1184): CodeIgniter\View\View->render('principal', [], true)
 6 APPPATH\Controllers\Home.php(9): view('principal')
 7 SYSTEMPATH\CodeIgniter.php(934): App\Controllers\Home->index()
 8 SYSTEMPATH\CodeIgniter.php(499): CodeIgniter\CodeIgniter->runController(Object(App\Controllers\Home))
 9 SYSTEMPATH\CodeIgniter.php(368): CodeIgniter\CodeIgniter->handleRequest(null, Object(Config\Cache), false)
10 FCPATH\index.php(67): CodeIgniter\CodeIgniter->run()
11 SYSTEMPATH\Commands\Server\rewrite.php(47): require_once('D:\\Programs\\xampp\\htdocs\\KevinLemus\\public\\index.php')
CRITICAL - 2023-05-14 21:03:45 --> Invalid file: "Guia9/layout.php"
in SYSTEMPATH\Exceptions\FrameworkException.php on line 33.
 1 SYSTEMPATH\View\View.php(201): CodeIgniter\Exceptions\FrameworkException::forInvalidFile('Guia9/layout.php')
 2 SYSTEMPATH\View\View.php(229): CodeIgniter\View\View->render('Guia9/layout', [], true)
 3 SYSTEMPATH\Common.php(1184): CodeIgniter\View\View->render('principal', [], true)
 4 APPPATH\Controllers\Home.php(9): view('principal')
 5 SYSTEMPATH\CodeIgniter.php(934): App\Controllers\Home->index()
 6 SYSTEMPATH\CodeIgniter.php(499): CodeIgniter\CodeIgniter->runController(Object(App\Controllers\Home))
 7 SYSTEMPATH\CodeIgniter.php(368): CodeIgniter\CodeIgniter->handleRequest(null, Object(Config\Cache), false)
 8 FCPATH\index.php(67): CodeIgniter\CodeIgniter->run()
 9 SYSTEMPATH\Commands\Server\rewrite.php(47): require_once('D:\\Programs\\xampp\\htdocs\\KevinLemus\\public\\index.php')
CRITICAL - 2023-05-14 21:03:46 --> Invalid file: "Guia9/layout.php"
in SYSTEMPATH\Exceptions\FrameworkException.php on line 33.
 1 SYSTEMPATH\View\View.php(201): CodeIgniter\Exceptions\FrameworkException::forInvalidFile('Guia9/layout.php')
 2 SYSTEMPATH\View\View.php(229): CodeIgniter\View\View->render('Guia9/layout', [], true)
 3 SYSTEMPATH\Common.php(1184): CodeIgniter\View\View->render('principal', [], true)
 4 APPPATH\Controllers\Home.php(9): view('principal')
 5 SYSTEMPATH\CodeIgniter.php(934): App\Controllers\Home->index()
 6 SYSTEMPATH\CodeIgniter.php(499): CodeIgniter\CodeIgniter->runController(Object(App\Controllers\Home))
 7 SYSTEMPATH\CodeIgniter.php(368): CodeIgniter\CodeIgniter->handleRequest(null, Object(Config\Cache), false)
 8 FCPATH\index.php(67): CodeIgniter\CodeIgniter->run()
 9 SYSTEMPATH\Commands\Server\rewrite.php(47): require_once('D:\\Programs\\xampp\\htdocs\\KevinLemus\\public\\index.php')
CRITICAL - 2023-05-14 21:03:47 --> Invalid file: "Guia9/layout.php"
in SYSTEMPATH\Exceptions\FrameworkException.php on line 33.
 1 SYSTEMPATH\View\View.php(201): CodeIgniter\Exceptions\FrameworkException::forInvalidFile('Guia9/layout.php')
 2 SYSTEMPATH\View\View.php(229): CodeIgniter\View\View->render('Guia9/layout', [], true)
 3 SYSTEMPATH\Common.php(1184): CodeIgniter\View\View->render('principal', [], true)
 4 APPPATH\Controllers\Home.php(9): view('principal')
 5 SYSTEMPATH\CodeIgniter.php(934): App\Controllers\Home->index()
 6 SYSTEMPATH\CodeIgniter.php(499): CodeIgniter\CodeIgniter->runController(Object(App\Controllers\Home))
 7 SYSTEMPATH\CodeIgniter.php(368): CodeIgniter\CodeIgniter->handleRequest(null, Object(Config\Cache), false)
 8 FCPATH\index.php(67): CodeIgniter\CodeIgniter->run()
 9 SYSTEMPATH\Commands\Server\rewrite.php(47): require_once('D:\\Programs\\xampp\\htdocs\\KevinLemus\\public\\index.php')
CRITICAL - 2023-05-14 21:05:33 --> Invalid file: "Guia9/layout.php"
in SYSTEMPATH\Exceptions\FrameworkException.php on line 33.
 1 SYSTEMPATH\View\View.php(201): CodeIgniter\Exceptions\FrameworkException::forInvalidFile('Guia9/layout.php')
 2 SYSTEMPATH\View\View.php(229): CodeIgniter\View\View->render('Guia9/layout', [], true)
 3 SYSTEMPATH\Common.php(1184): CodeIgniter\View\View->render('principal', [], true)
 4 APPPATH\Controllers\Home.php(9): view('principal')
 5 SYSTEMPATH\CodeIgniter.php(934): App\Controllers\Home->index()
 6 SYSTEMPATH\CodeIgniter.php(499): CodeIgniter\CodeIgniter->runController(Object(App\Controllers\Home))
 7 SYSTEMPATH\CodeIgniter.php(368): CodeIgniter\CodeIgniter->handleRequest(null, Object(Config\Cache), false)
 8 FCPATH\index.php(67): CodeIgniter\CodeIgniter->run()
 9 SYSTEMPATH\Commands\Server\rewrite.php(47): require_once('D:\\Programs\\xampp\\htdocs\\KevinLemus\\public\\index.php')
